mode: set
github.com/tsmc/cache-invalidation-worker/internal/config/config.go:15.20,17.19 2 1
github.com/tsmc/cache-invalidation-worker/internal/config/config.go:17.19,19.3 1 1
github.com/tsmc/cache-invalidation-worker/internal/config/config.go:20.2,21.17 2 1
github.com/tsmc/cache-invalidation-worker/internal/config/config.go:21.17,23.3 1 1
github.com/tsmc/cache-invalidation-worker/internal/config/config.go:24.2,25.17 2 1
github.com/tsmc/cache-invalidation-worker/internal/config/config.go:25.17,27.3 1 1
github.com/tsmc/cache-invalidation-worker/internal/config/config.go:28.2,29.17 2 1
github.com/tsmc/cache-invalidation-worker/internal/config/config.go:29.17,31.3 1 1
github.com/tsmc/cache-invalidation-worker/internal/config/config.go:32.2,37.3 1 1
github.com/tsmc/cache-invalidation-worker/internal/cache/redis.go:18.45,20.42 2 1
github.com/tsmc/cache-invalidation-worker/internal/cache/redis.go:20.42,24.3 1 0
github.com/tsmc/cache-invalidation-worker/internal/cache/redis.go:24.8,28.3 1 1
github.com/tsmc/cache-invalidation-worker/internal/cache/redis.go:29.2,31.3 1 1
github.com/tsmc/cache-invalidation-worker/internal/cache/redis.go:34.54,36.2 1 0
github.com/tsmc/cache-invalidation-worker/internal/cache/redis.go:38.74,40.2 1 1
github.com/tsmc/cache-invalidation-worker/internal/cache/redis.go:42.76,44.2 1 1
github.com/tsmc/cache-invalidation-worker/internal/cache/redis.go:46.42,48.2 1 1
github.com/tsmc/cache-invalidation-worker/cmd/worker/main.go:16.13,24.45 5 0
github.com/tsmc/cache-invalidation-worker/cmd/worker/main.go:24.45,28.3 3 0
github.com/tsmc/cache-invalidation-worker/cmd/worker/main.go:29.2,37.12 6 0
github.com/tsmc/cache-invalidation-worker/cmd/worker/main.go:37.12,38.39 1 0
github.com/tsmc/cache-invalidation-worker/cmd/worker/main.go:38.39,40.4 1 0
github.com/tsmc/cache-invalidation-worker/cmd/worker/main.go:43.2,47.25 5 0
github.com/tsmc/cache-invalidation-worker/internal/consumer/worker.go:29.77,42.2 1 0
github.com/tsmc/cache-invalidation-worker/internal/consumer/worker.go:44.49,46.6 2 1
github.com/tsmc/cache-invalidation-worker/internal/consumer/worker.go:46.6,48.17 2 1
github.com/tsmc/cache-invalidation-worker/internal/consumer/worker.go:48.17,49.24 1 1
github.com/tsmc/cache-invalidation-worker/internal/consumer/worker.go:49.24,51.5 1 1
github.com/tsmc/cache-invalidation-worker/internal/consumer/worker.go:52.4,54.12 3 0
github.com/tsmc/cache-invalidation-worker/internal/consumer/worker.go:57.3,58.59 2 1
github.com/tsmc/cache-invalidation-worker/internal/consumer/worker.go:58.59,61.12 3 1
github.com/tsmc/cache-invalidation-worker/internal/consumer/worker.go:64.3,65.23 2 1
github.com/tsmc/cache-invalidation-worker/internal/consumer/worker.go:66.24,67.48 1 1
github.com/tsmc/cache-invalidation-worker/internal/consumer/worker.go:68.26,69.50 1 1
github.com/tsmc/cache-invalidation-worker/internal/consumer/worker.go:70.11,72.13 2 1
github.com/tsmc/cache-invalidation-worker/internal/consumer/worker.go:74.3,76.17 2 1
github.com/tsmc/cache-invalidation-worker/internal/consumer/worker.go:76.17,78.12 2 1
github.com/tsmc/cache-invalidation-worker/internal/consumer/worker.go:81.3,81.59 1 1
github.com/tsmc/cache-invalidation-worker/internal/consumer/worker.go:81.59,83.4 1 0
github.com/tsmc/cache-invalidation-worker/internal/consumer/worker.go:83.9,85.4 1 1
github.com/tsmc/cache-invalidation-worker/internal/consumer/worker.go:89.32,91.2 1 1
