mode: set
github.com/tsmc/aggregation-worker/cmd/worker/main.go:16.13,24.26 5 0
github.com/tsmc/aggregation-worker/cmd/worker/main.go:24.26,26.17 2 0
github.com/tsmc/aggregation-worker/cmd/worker/main.go:26.17,27.9 1 0
github.com/tsmc/aggregation-worker/cmd/worker/main.go:29.3,30.30 2 0
github.com/tsmc/aggregation-worker/cmd/worker/main.go:32.2,32.16 1 0
github.com/tsmc/aggregation-worker/cmd/worker/main.go:32.16,35.3 2 0
github.com/tsmc/aggregation-worker/cmd/worker/main.go:36.2,44.12 6 0
github.com/tsmc/aggregation-worker/cmd/worker/main.go:44.12,45.36 1 0
github.com/tsmc/aggregation-worker/cmd/worker/main.go:45.36,47.4 1 0
github.com/tsmc/aggregation-worker/cmd/worker/main.go:50.2,54.25 5 0
github.com/tsmc/aggregation-worker/internal/repository/inout.go:19.82,21.39 2 0
github.com/tsmc/aggregation-worker/internal/repository/inout.go:21.39,25.3 1 0
github.com/tsmc/aggregation-worker/internal/repository/inout.go:27.2,41.16 2 0
github.com/tsmc/aggregation-worker/internal/repository/inout.go:41.16,43.3 1 0
github.com/tsmc/aggregation-worker/internal/repository/inout.go:44.2,44.58 1 0
github.com/tsmc/aggregation-worker/internal/repository/inout.go:44.58,47.3 2 0
github.com/tsmc/aggregation-worker/internal/repository/inout.go:48.2,48.46 1 0
github.com/tsmc/aggregation-worker/internal/repository/inout.go:51.99,53.21 2 0
github.com/tsmc/aggregation-worker/internal/repository/inout.go:53.21,55.3 1 0
github.com/tsmc/aggregation-worker/internal/repository/inout.go:57.2,58.16 2 0
github.com/tsmc/aggregation-worker/internal/repository/inout.go:58.16,60.3 1 0
github.com/tsmc/aggregation-worker/internal/repository/inout.go:61.2,62.16 2 0
github.com/tsmc/aggregation-worker/internal/repository/inout.go:62.16,64.3 1 0
github.com/tsmc/aggregation-worker/internal/repository/inout.go:65.2,66.16 2 0
github.com/tsmc/aggregation-worker/internal/repository/inout.go:66.16,68.3 1 0
github.com/tsmc/aggregation-worker/internal/repository/inout.go:70.2,71.21 2 0
github.com/tsmc/aggregation-worker/internal/repository/inout.go:71.21,73.17 2 0
github.com/tsmc/aggregation-worker/internal/repository/inout.go:73.17,75.4 1 0
github.com/tsmc/aggregation-worker/internal/repository/inout.go:78.2,85.12 2 0
github.com/tsmc/aggregation-worker/internal/repository/inout.go:88.104,90.16 2 0
github.com/tsmc/aggregation-worker/internal/repository/inout.go:90.16,92.3 1 0
github.com/tsmc/aggregation-worker/internal/repository/inout.go:93.2,95.109 3 0
github.com/tsmc/aggregation-worker/internal/repository/inout.go:95.109,97.3 1 0
github.com/tsmc/aggregation-worker/internal/repository/inout.go:98.2,98.16 1 0
github.com/tsmc/aggregation-worker/internal/repository/inout.go:98.16,100.3 1 0
github.com/tsmc/aggregation-worker/internal/repository/inout.go:101.2,103.16 2 0
github.com/tsmc/aggregation-worker/internal/repository/inout.go:103.16,105.3 1 0
github.com/tsmc/aggregation-worker/internal/repository/inout.go:106.2,106.22 1 0
github.com/tsmc/aggregation-worker/internal/repository/inout.go:106.22,108.3 1 0
github.com/tsmc/aggregation-worker/internal/repository/inout.go:109.2,109.32 1 0
github.com/tsmc/aggregation-worker/internal/repository/inout.go:112.41,114.2 1 0
github.com/tsmc/aggregation-worker/internal/config/config.go:17.20,19.19 2 1
github.com/tsmc/aggregation-worker/internal/config/config.go:19.19,21.3 1 1
github.com/tsmc/aggregation-worker/internal/config/config.go:22.2,23.17 2 1
github.com/tsmc/aggregation-worker/internal/config/config.go:23.17,25.3 1 1
github.com/tsmc/aggregation-worker/internal/config/config.go:26.2,27.17 2 1
github.com/tsmc/aggregation-worker/internal/config/config.go:27.17,29.3 1 1
github.com/tsmc/aggregation-worker/internal/config/config.go:30.2,31.18 2 1
github.com/tsmc/aggregation-worker/internal/config/config.go:31.18,33.3 1 1
github.com/tsmc/aggregation-worker/internal/config/config.go:34.2,35.18 2 1
github.com/tsmc/aggregation-worker/internal/config/config.go:35.18,37.3 1 1
github.com/tsmc/aggregation-worker/internal/config/config.go:38.2,46.3 2 1
github.com/tsmc/aggregation-worker/internal/consumer/worker.go:29.80,42.2 1 0
github.com/tsmc/aggregation-worker/internal/consumer/worker.go:44.49,46.6 2 1
github.com/tsmc/aggregation-worker/internal/consumer/worker.go:46.6,49.17 3 1
github.com/tsmc/aggregation-worker/internal/consumer/worker.go:49.17,50.24 1 1
github.com/tsmc/aggregation-worker/internal/consumer/worker.go:50.24,53.5 2 1
github.com/tsmc/aggregation-worker/internal/consumer/worker.go:54.4,56.12 3 1
github.com/tsmc/aggregation-worker/internal/consumer/worker.go:58.3,61.59 3 1
github.com/tsmc/aggregation-worker/internal/consumer/worker.go:61.59,64.12 3 1
github.com/tsmc/aggregation-worker/internal/consumer/worker.go:68.3,70.17 3 1
github.com/tsmc/aggregation-worker/internal/consumer/worker.go:70.17,72.4 1 1
github.com/tsmc/aggregation-worker/internal/consumer/worker.go:73.3,77.68 4 1
github.com/tsmc/aggregation-worker/internal/consumer/worker.go:77.68,80.12 3 1
github.com/tsmc/aggregation-worker/internal/consumer/worker.go:82.3,85.59 3 1
github.com/tsmc/aggregation-worker/internal/consumer/worker.go:85.59,87.4 1 0
github.com/tsmc/aggregation-worker/internal/consumer/worker.go:87.9,89.4 1 1
github.com/tsmc/aggregation-worker/internal/consumer/worker.go:93.32,95.2 1 1
