mode: set
github.com/tsmc/report-api/internal/auth/role.go:18.37,19.47 1 1
github.com/tsmc/report-api/internal/auth/role.go:20.13,21.17 1 1
github.com/tsmc/report-api/internal/auth/role.go:22.13,23.17 1 1
github.com/tsmc/report-api/internal/auth/role.go:24.12,25.16 1 1
github.com/tsmc/report-api/internal/auth/role.go:26.18,27.22 1 1
github.com/tsmc/report-api/internal/auth/role.go:28.33,29.25 1 1
github.com/tsmc/report-api/internal/auth/role.go:30.10,31.22 1 1
github.com/tsmc/report-api/internal/auth/role.go:36.53,37.11 1 1
github.com/tsmc/report-api/internal/auth/role.go:38.63,39.14 1 1
github.com/tsmc/report-api/internal/auth/role.go:40.10,41.15 1 1
github.com/tsmc/report-api/internal/auth/role.go:46.45,48.2 1 1
github.com/tsmc/report-api/internal/auth/role.go:51.48,53.2 1 1
github.com/tsmc/report-api/internal/auth/role.go:56.40,58.2 1 1
github.com/tsmc/report-api/internal/config/config.go:21.20,23.16 2 1
github.com/tsmc/report-api/internal/config/config.go:23.16,25.3 1 1
github.com/tsmc/report-api/internal/config/config.go:26.2,27.17 2 1
github.com/tsmc/report-api/internal/config/config.go:27.17,29.3 1 1
github.com/tsmc/report-api/internal/config/config.go:30.2,31.18 2 1
github.com/tsmc/report-api/internal/config/config.go:31.18,33.3 1 1
github.com/tsmc/report-api/internal/config/config.go:34.2,35.18 2 1
github.com/tsmc/report-api/internal/config/config.go:35.18,37.3 1 1
github.com/tsmc/report-api/internal/config/config.go:38.2,40.21 3 1
github.com/tsmc/report-api/internal/config/config.go:40.21,42.3 1 1
github.com/tsmc/report-api/internal/config/config.go:43.2,54.3 3 1
github.com/tsmc/report-api/internal/export/charts.go:16.50,18.13 2 1
github.com/tsmc/report-api/internal/export/charts.go:18.13,20.3 1 1
github.com/tsmc/report-api/internal/export/charts.go:21.2,21.69 1 1
github.com/tsmc/report-api/internal/export/charts.go:24.46,26.25 2 1
github.com/tsmc/report-api/internal/export/charts.go:26.25,27.20 1 1
github.com/tsmc/report-api/internal/export/charts.go:27.20,29.4 1 1
github.com/tsmc/report-api/internal/export/charts.go:31.2,31.12 1 1
github.com/tsmc/report-api/internal/export/charts.go:34.51,36.2 1 1
github.com/tsmc/report-api/internal/export/charts.go:38.41,40.25 2 1
github.com/tsmc/report-api/internal/export/charts.go:40.25,41.14 1 1
github.com/tsmc/report-api/internal/export/charts.go:41.14,43.4 1 1
github.com/tsmc/report-api/internal/export/charts.go:45.2,45.12 1 1
github.com/tsmc/report-api/internal/export/charts.go:48.49,50.2 1 1
github.com/tsmc/report-api/internal/export/charts.go:52.55,54.51 2 1
github.com/tsmc/report-api/internal/export/charts.go:54.51,56.3 1 0
github.com/tsmc/report-api/internal/export/charts.go:57.2,57.25 1 1
github.com/tsmc/report-api/internal/export/charts.go:60.53,62.49 2 1
github.com/tsmc/report-api/internal/export/charts.go:62.49,64.3 1 0
github.com/tsmc/report-api/internal/export/charts.go:65.2,65.25 1 1
github.com/tsmc/report-api/internal/export/charts.go:68.36,70.19 2 1
github.com/tsmc/report-api/internal/export/charts.go:70.19,72.3 1 1
github.com/tsmc/report-api/internal/export/charts.go:73.2,73.10 1 1
github.com/tsmc/report-api/internal/export/charts.go:76.48,86.2 3 1
github.com/tsmc/report-api/internal/export/charts.go:89.75,90.41 1 1
github.com/tsmc/report-api/internal/export/charts.go:90.41,92.3 1 0
github.com/tsmc/report-api/internal/export/charts.go:93.2,94.31 2 1
github.com/tsmc/report-api/internal/export/charts.go:94.31,96.18 2 1
github.com/tsmc/report-api/internal/export/charts.go:96.18,98.4 1 0
github.com/tsmc/report-api/internal/export/charts.go:99.3,99.22 1 1
github.com/tsmc/report-api/internal/export/charts.go:99.22,101.4 1 0
github.com/tsmc/report-api/internal/export/charts.go:102.3,102.68 1 1
github.com/tsmc/report-api/internal/export/charts.go:104.2,113.28 2 1
github.com/tsmc/report-api/internal/export/charts.go:117.87,118.44 1 0
github.com/tsmc/report-api/internal/export/charts.go:118.44,120.3 1 0
github.com/tsmc/report-api/internal/export/charts.go:121.2,122.35 2 0
github.com/tsmc/report-api/internal/export/charts.go:122.35,124.21 2 0
github.com/tsmc/report-api/internal/export/charts.go:124.21,126.4 1 0
github.com/tsmc/report-api/internal/export/charts.go:127.3,130.4 1 0
github.com/tsmc/report-api/internal/export/charts.go:132.2,141.28 2 0
github.com/tsmc/report-api/internal/export/charts.go:145.86,146.17 1 1
github.com/tsmc/report-api/internal/export/charts.go:146.17,148.3 1 0
github.com/tsmc/report-api/internal/export/charts.go:149.2,150.28 2 1
github.com/tsmc/report-api/internal/export/charts.go:150.28,155.3 1 1
github.com/tsmc/report-api/internal/export/charts.go:155.8,156.34 1 1
github.com/tsmc/report-api/internal/export/charts.go:156.34,158.21 2 1
github.com/tsmc/report-api/internal/export/charts.go:158.21,160.5 1 0
github.com/tsmc/report-api/internal/export/charts.go:161.4,164.5 1 1
github.com/tsmc/report-api/internal/export/charts.go:167.2,176.28 2 1
github.com/tsmc/report-api/internal/export/charts.go:179.47,181.19 2 1
github.com/tsmc/report-api/internal/export/charts.go:181.19,183.3 1 0
github.com/tsmc/report-api/internal/export/charts.go:184.2,184.12 1 1
github.com/tsmc/report-api/internal/export/charts.go:188.84,189.43 1 1
github.com/tsmc/report-api/internal/export/charts.go:189.43,191.3 1 0
github.com/tsmc/report-api/internal/export/charts.go:192.2,192.28 1 1
github.com/tsmc/report-api/internal/export/charts.go:192.28,204.3 3 1
github.com/tsmc/report-api/internal/export/charts.go:205.2,207.33 3 1
github.com/tsmc/report-api/internal/export/charts.go:207.33,209.3 1 1
github.com/tsmc/report-api/internal/export/charts.go:210.2,226.31 2 1
github.com/tsmc/report-api/internal/export/charts.go:230.83,231.43 1 1
github.com/tsmc/report-api/internal/export/charts.go:231.43,233.3 1 0
github.com/tsmc/report-api/internal/export/charts.go:234.2,234.28 1 1
github.com/tsmc/report-api/internal/export/charts.go:234.28,246.3 3 1
github.com/tsmc/report-api/internal/export/charts.go:247.2,249.33 3 1
github.com/tsmc/report-api/internal/export/charts.go:249.33,251.3 1 1
github.com/tsmc/report-api/internal/export/charts.go:252.2,268.31 2 1
github.com/tsmc/report-api/internal/export/charts.go:272.84,273.42 1 1
github.com/tsmc/report-api/internal/export/charts.go:273.42,275.3 1 0
github.com/tsmc/report-api/internal/export/charts.go:276.2,276.27 1 1
github.com/tsmc/report-api/internal/export/charts.go:276.27,279.20 3 0
github.com/tsmc/report-api/internal/export/charts.go:279.20,281.4 1 0
github.com/tsmc/report-api/internal/export/charts.go:282.3,291.29 2 0
github.com/tsmc/report-api/internal/export/charts.go:293.2,295.32 3 1
github.com/tsmc/report-api/internal/export/charts.go:295.32,297.3 1 1
github.com/tsmc/report-api/internal/export/charts.go:298.2,314.31 2 1
github.com/tsmc/report-api/internal/export/charts.go:318.83,319.42 1 1
github.com/tsmc/report-api/internal/export/charts.go:319.42,321.3 1 0
github.com/tsmc/report-api/internal/export/charts.go:322.2,322.27 1 1
github.com/tsmc/report-api/internal/export/charts.go:322.27,325.20 3 0
github.com/tsmc/report-api/internal/export/charts.go:325.20,327.4 1 0
github.com/tsmc/report-api/internal/export/charts.go:328.3,337.29 2 0
github.com/tsmc/report-api/internal/export/charts.go:339.2,341.32 3 1
github.com/tsmc/report-api/internal/export/charts.go:341.32,343.3 1 1
github.com/tsmc/report-api/internal/export/charts.go:344.2,360.31 2 1
github.com/tsmc/report-api/internal/export/csv.go:9.45,12.29 3 1
github.com/tsmc/report-api/internal/export/csv.go:12.29,13.61 1 1
github.com/tsmc/report-api/internal/export/csv.go:13.61,15.4 1 0
github.com/tsmc/report-api/internal/export/csv.go:17.2,17.23 1 1
github.com/tsmc/report-api/internal/export/csv.go:17.23,18.45 1 1
github.com/tsmc/report-api/internal/export/csv.go:18.45,20.4 1 0
github.com/tsmc/report-api/internal/export/csv.go:22.2,22.45 1 1
github.com/tsmc/report-api/internal/export/csv.go:22.45,24.3 1 0
github.com/tsmc/report-api/internal/export/csv.go:25.2,25.31 1 1
github.com/tsmc/report-api/internal/export/csv.go:25.31,26.38 1 1
github.com/tsmc/report-api/internal/export/csv.go:26.38,28.4 1 0
github.com/tsmc/report-api/internal/export/csv.go:30.2,31.34 2 1
github.com/tsmc/report-api/internal/export/csv.go:31.34,33.3 1 0
github.com/tsmc/report-api/internal/export/csv.go:34.2,34.25 1 1
github.com/tsmc/report-api/internal/export/events.go:11.108,19.27 4 1
github.com/tsmc/report-api/internal/export/events.go:19.27,21.22 2 1
github.com/tsmc/report-api/internal/export/events.go:21.22,23.4 1 1
github.com/tsmc/report-api/internal/export/events.go:24.3,27.5 1 1
github.com/tsmc/report-api/internal/export/events.go:29.2,33.3 1 1
github.com/tsmc/report-api/internal/export/events.go:36.68,44.38 4 1
github.com/tsmc/report-api/internal/export/events.go:44.38,50.3 1 1
github.com/tsmc/report-api/internal/export/events.go:51.2,55.3 1 1
github.com/tsmc/report-api/internal/export/events.go:58.72,68.33 4 1
github.com/tsmc/report-api/internal/export/events.go:68.33,75.3 1 1
github.com/tsmc/report-api/internal/export/events.go:76.2,80.3 1 1
github.com/tsmc/report-api/internal/export/job.go:36.49,37.15 1 1
github.com/tsmc/report-api/internal/export/job.go:37.15,39.3 1 1
github.com/tsmc/report-api/internal/export/job.go:40.2,40.48 1 1
github.com/tsmc/report-api/internal/export/job.go:40.48,42.3 1 0
github.com/tsmc/report-api/internal/export/job.go:43.2,43.62 1 1
github.com/tsmc/report-api/internal/export/job.go:46.61,53.2 6 1
github.com/tsmc/report-api/internal/export/job.go:55.48,59.9 4 1
github.com/tsmc/report-api/internal/export/job.go:59.9,61.3 1 1
github.com/tsmc/report-api/internal/export/job.go:62.2,63.18 2 1
github.com/tsmc/report-api/internal/export/job.go:66.40,69.29 3 1
github.com/tsmc/report-api/internal/export/job.go:69.29,71.3 1 1
github.com/tsmc/report-api/internal/export/job.go:74.50,77.29 3 1
github.com/tsmc/report-api/internal/export/job.go:77.29,80.3 2 1
github.com/tsmc/report-api/internal/export/job.go:83.52,85.2 1 1
github.com/tsmc/report-api/internal/export/job.go:87.68,89.9 2 1
github.com/tsmc/report-api/internal/export/job.go:89.9,91.3 1 0
github.com/tsmc/report-api/internal/export/job.go:92.2,92.25 1 1
github.com/tsmc/report-api/internal/export/job.go:92.25,94.3 1 1
github.com/tsmc/report-api/internal/export/job.go:95.2,96.23 2 1
github.com/tsmc/report-api/internal/export/job.go:96.23,98.3 1 0
github.com/tsmc/report-api/internal/export/job.go:99.2,101.16 3 1
github.com/tsmc/report-api/internal/export/job.go:101.16,103.3 1 0
github.com/tsmc/report-api/internal/export/job.go:104.2,104.48 1 1
github.com/tsmc/report-api/internal/export/pdf.go:10.45,24.29 12 1
github.com/tsmc/report-api/internal/export/pdf.go:24.29,29.3 4 1
github.com/tsmc/report-api/internal/export/pdf.go:30.2,33.19 3 1
github.com/tsmc/report-api/internal/export/pdf.go:33.19,35.42 2 0
github.com/tsmc/report-api/internal/export/pdf.go:35.42,37.4 1 0
github.com/tsmc/report-api/internal/export/pdf.go:38.3,38.26 1 0
github.com/tsmc/report-api/internal/export/pdf.go:41.2,45.23 4 1
github.com/tsmc/report-api/internal/export/pdf.go:45.23,48.33 3 1
github.com/tsmc/report-api/internal/export/pdf.go:48.33,50.4 1 1
github.com/tsmc/report-api/internal/export/pdf.go:51.3,51.13 1 1
github.com/tsmc/report-api/internal/export/pdf.go:54.2,57.31 3 1
github.com/tsmc/report-api/internal/export/pdf.go:57.31,59.11 2 1
github.com/tsmc/report-api/internal/export/pdf.go:59.11,61.4 1 1
github.com/tsmc/report-api/internal/export/pdf.go:61.9,63.4 1 0
github.com/tsmc/report-api/internal/export/pdf.go:64.3,64.23 1 1
github.com/tsmc/report-api/internal/export/pdf.go:64.23,68.4 3 0
github.com/tsmc/report-api/internal/export/pdf.go:69.3,69.28 1 1
github.com/tsmc/report-api/internal/export/pdf.go:69.28,71.4 1 1
github.com/tsmc/report-api/internal/export/pdf.go:72.3,72.13 1 1
github.com/tsmc/report-api/internal/export/pdf.go:75.2,75.27 1 1
github.com/tsmc/report-api/internal/export/pdf.go:75.27,81.3 5 1
github.com/tsmc/report-api/internal/export/pdf.go:83.2,84.41 2 1
github.com/tsmc/report-api/internal/export/pdf.go:84.41,86.3 1 0
github.com/tsmc/report-api/internal/export/pdf.go:87.2,87.25 1 1
github.com/tsmc/report-api/internal/export/pdf.go:90.41,91.19 1 1
github.com/tsmc/report-api/internal/export/pdf.go:91.19,93.3 1 1
github.com/tsmc/report-api/internal/export/pdf.go:94.2,94.14 1 0
github.com/tsmc/report-api/internal/export/pdf.go:94.14,96.3 1 0
github.com/tsmc/report-api/internal/export/pdf.go:97.2,97.26 1 0
github.com/tsmc/report-api/internal/export/pdf_visual.go:19.70,23.27 4 1
github.com/tsmc/report-api/internal/export/pdf_visual.go:23.27,30.3 6 1
github.com/tsmc/report-api/internal/export/pdf_visual.go:32.2,33.17 2 1
github.com/tsmc/report-api/internal/export/pdf_visual.go:33.17,35.3 1 0
github.com/tsmc/report-api/internal/export/pdf_visual.go:37.2,44.29 4 1
github.com/tsmc/report-api/internal/export/pdf_visual.go:44.29,49.29 5 0
github.com/tsmc/report-api/internal/export/pdf_visual.go:49.29,50.85 1 0
github.com/tsmc/report-api/internal/export/pdf_visual.go:50.85,52.5 1 0
github.com/tsmc/report-api/internal/export/pdf_visual.go:53.4,53.42 1 0
github.com/tsmc/report-api/internal/export/pdf_visual.go:55.3,55.41 1 0
github.com/tsmc/report-api/internal/export/pdf_visual.go:56.8,56.35 1 1
github.com/tsmc/report-api/internal/export/pdf_visual.go:56.35,59.82 3 0
github.com/tsmc/report-api/internal/export/pdf_visual.go:59.82,61.4 1 0
github.com/tsmc/report-api/internal/export/pdf_visual.go:62.3,62.41 1 0
github.com/tsmc/report-api/internal/export/pdf_visual.go:66.2,66.13 1 1
github.com/tsmc/report-api/internal/export/pdf_visual.go:66.13,69.3 2 0
github.com/tsmc/report-api/internal/export/pdf_visual.go:69.8,72.3 2 1
github.com/tsmc/report-api/internal/export/pdf_visual.go:74.2,75.41 2 1
github.com/tsmc/report-api/internal/export/pdf_visual.go:75.41,77.3 1 0
github.com/tsmc/report-api/internal/export/pdf_visual.go:78.2,78.25 1 1
github.com/tsmc/report-api/internal/export/pdf_visual.go:81.70,117.33 21 1
github.com/tsmc/report-api/internal/export/pdf_visual.go:117.33,120.3 2 0
github.com/tsmc/report-api/internal/export/pdf_visual.go:120.8,122.3 1 1
github.com/tsmc/report-api/internal/export/pdf_visual.go:125.2,125.27 1 1
github.com/tsmc/report-api/internal/export/pdf_visual.go:125.27,126.23 1 1
github.com/tsmc/report-api/internal/export/pdf_visual.go:126.23,128.4 1 0
github.com/tsmc/report-api/internal/export/pdf_visual.go:129.3,133.41 5 1
github.com/tsmc/report-api/internal/export/pdf_visual.go:141.48,145.2 3 1
github.com/tsmc/report-api/internal/export/pdf_visual.go:148.53,160.2 11 1
github.com/tsmc/report-api/internal/export/pdf_visual.go:162.62,167.27 5 1
github.com/tsmc/report-api/internal/export/pdf_visual.go:167.27,180.3 12 1
github.com/tsmc/report-api/internal/export/pdf_visual.go:181.2,182.37 2 1
github.com/tsmc/report-api/internal/export/pdf_visual.go:185.55,190.27 4 1
github.com/tsmc/report-api/internal/export/pdf_visual.go:190.27,192.3 1 1
github.com/tsmc/report-api/internal/export/pdf_visual.go:193.2,193.12 1 1
github.com/tsmc/report-api/internal/export/pdf_visual.go:196.71,202.23 5 1
github.com/tsmc/report-api/internal/export/pdf_visual.go:202.23,207.29 5 1
github.com/tsmc/report-api/internal/export/pdf_visual.go:207.29,211.4 3 1
github.com/tsmc/report-api/internal/export/pdf_visual.go:212.3,212.18 1 1
github.com/tsmc/report-api/internal/export/pdf_visual.go:215.2,216.25 2 1
github.com/tsmc/report-api/internal/export/pdf_visual.go:216.25,217.23 1 1
github.com/tsmc/report-api/internal/export/pdf_visual.go:217.23,220.4 2 0
github.com/tsmc/report-api/internal/export/pdf_visual.go:221.3,222.11 2 1
github.com/tsmc/report-api/internal/export/pdf_visual.go:222.11,224.4 1 1
github.com/tsmc/report-api/internal/export/pdf_visual.go:224.9,226.4 1 0
github.com/tsmc/report-api/internal/export/pdf_visual.go:227.3,235.63 2 1
github.com/tsmc/report-api/internal/export/pdf_visual.go:237.2,237.11 1 1
github.com/tsmc/report-api/internal/export/pdf_visual.go:240.38,241.19 1 1
github.com/tsmc/report-api/internal/export/pdf_visual.go:241.19,243.3 1 1
github.com/tsmc/report-api/internal/export/pdf_visual.go:244.2,244.40 1 0
github.com/tsmc/report-api/internal/export/pdf_visual.go:248.120,252.29 4 1
github.com/tsmc/report-api/internal/export/pdf_visual.go:252.29,255.16 3 1
github.com/tsmc/report-api/internal/export/pdf_visual.go:255.16,257.4 1 0
github.com/tsmc/report-api/internal/export/pdf_visual.go:258.3,258.15 1 1
github.com/tsmc/report-api/internal/export/pdf_visual.go:258.15,260.4 1 0
github.com/tsmc/report-api/internal/export/pdf_visual.go:262.2,263.29 2 1
github.com/tsmc/report-api/internal/export/pdf_visual.go:263.29,267.3 3 1
github.com/tsmc/report-api/internal/export/pdf_visual.go:268.2,268.21 1 1
github.com/tsmc/report-api/internal/export/pdf_visual.go:271.54,273.17 2 1
github.com/tsmc/report-api/internal/export/pdf_visual.go:273.17,275.3 1 0
github.com/tsmc/report-api/internal/export/pdf_visual.go:276.2,276.86 1 1
github.com/tsmc/report-api/internal/export/pdf_visual.go:279.91,290.27 4 0
github.com/tsmc/report-api/internal/export/pdf_visual.go:290.27,291.40 1 0
github.com/tsmc/report-api/internal/export/pdf_visual.go:291.40,293.4 1 0
github.com/tsmc/report-api/internal/export/pdf_visual.go:294.3,294.75 1 0
github.com/tsmc/report-api/internal/export/pdf_visual.go:294.75,296.4 1 0
github.com/tsmc/report-api/internal/export/pdf_visual.go:300.88,309.29 2 1
github.com/tsmc/report-api/internal/export/pdf_visual.go:309.29,312.78 3 1
github.com/tsmc/report-api/internal/export/pdf_visual.go:312.78,314.4 1 1
github.com/tsmc/report-api/internal/export/pdf_visual.go:318.113,319.87 1 0
github.com/tsmc/report-api/internal/export/pdf_visual.go:319.87,321.3 1 0
github.com/tsmc/report-api/internal/export/pdf_visual.go:322.2,322.68 1 0
github.com/tsmc/report-api/internal/export/pdf_visual.go:325.73,328.28 3 0
github.com/tsmc/report-api/internal/export/pdf_visual.go:328.28,330.3 1 0
github.com/tsmc/report-api/internal/export/pdf_visual.go:331.2,333.13 3 0
github.com/tsmc/report-api/internal/export/pdf_visual.go:333.13,334.78 1 0
github.com/tsmc/report-api/internal/export/pdf_visual.go:334.78,336.4 1 0
github.com/tsmc/report-api/internal/export/pdf_visual.go:338.2,338.15 1 0
github.com/tsmc/report-api/internal/export/pdf_visual.go:338.15,339.76 1 0
github.com/tsmc/report-api/internal/export/pdf_visual.go:339.76,341.4 1 0
github.com/tsmc/report-api/internal/export/pdf_visual.go:342.3,342.76 1 0
github.com/tsmc/report-api/internal/export/pdf_visual.go:342.76,344.4 1 0
github.com/tsmc/report-api/internal/export/pdf_visual.go:348.70,351.27 3 1
github.com/tsmc/report-api/internal/export/pdf_visual.go:351.27,352.81 1 1
github.com/tsmc/report-api/internal/export/pdf_visual.go:352.81,354.4 1 1
github.com/tsmc/report-api/internal/export/pdf_visual.go:355.8,356.81 1 0
github.com/tsmc/report-api/internal/export/pdf_visual.go:356.81,358.4 1 0
github.com/tsmc/report-api/internal/export/pdf_visual.go:360.2,362.26 3 1
github.com/tsmc/report-api/internal/export/pdf_visual.go:362.26,363.79 1 1
github.com/tsmc/report-api/internal/export/pdf_visual.go:363.79,365.4 1 1
github.com/tsmc/report-api/internal/export/pdf_visual.go:366.3,366.79 1 1
github.com/tsmc/report-api/internal/export/pdf_visual.go:366.79,368.4 1 1
github.com/tsmc/report-api/internal/export/pdf_visual.go:369.8,370.79 1 0
github.com/tsmc/report-api/internal/export/pdf_visual.go:370.79,372.4 1 0
github.com/tsmc/report-api/internal/export/pdf_visual.go:376.71,383.2 1 0
github.com/tsmc/report-api/internal/export/pdf_visual.go:385.57,386.26 1 0
github.com/tsmc/report-api/internal/export/pdf_visual.go:386.26,391.3 4 0
github.com/tsmc/report-api/internal/export/pdf_visual.go:394.60,400.2 5 1
github.com/tsmc/report-api/internal/export/pdf_visual.go:402.62,405.16 3 1
github.com/tsmc/report-api/internal/export/pdf_visual.go:405.16,410.3 4 1
github.com/tsmc/report-api/internal/export/pdf_visual.go:411.2,411.11 1 1
github.com/tsmc/report-api/internal/export/pdf_visual.go:414.104,416.33 2 1
github.com/tsmc/report-api/internal/export/pdf_visual.go:416.33,418.18 2 0
github.com/tsmc/report-api/internal/export/pdf_visual.go:418.18,421.4 2 0
github.com/tsmc/report-api/internal/export/pdf_visual.go:422.3,422.17 1 0
github.com/tsmc/report-api/internal/export/pdf_visual.go:424.2,424.39 1 1
github.com/tsmc/report-api/internal/export/pdf_visual.go:427.58,429.16 2 0
github.com/tsmc/report-api/internal/export/pdf_visual.go:429.16,431.3 1 0
github.com/tsmc/report-api/internal/export/pdf_visual.go:432.2,436.11 5 0
github.com/tsmc/report-api/internal/export/pdf_visual.go:439.79,441.34 2 1
github.com/tsmc/report-api/internal/export/pdf_visual.go:441.34,444.3 2 0
github.com/tsmc/report-api/internal/export/pdf_visual.go:445.2,451.21 7 1
github.com/tsmc/report-api/internal/export/pdf_visual.go:451.21,454.3 2 1
github.com/tsmc/report-api/internal/export/pdf_visual.go:455.2,456.15 2 1
github.com/tsmc/report-api/internal/export/pdf_visual.go:456.15,459.3 2 0
github.com/tsmc/report-api/internal/export/pdf_visual.go:460.2,463.83 4 1
github.com/tsmc/report-api/internal/export/pdf_visual.go:463.83,466.3 2 0
github.com/tsmc/report-api/internal/export/pdf_visual.go:467.2,469.30 3 1
github.com/tsmc/report-api/internal/export/pdf_visual.go:472.78,473.47 1 0
github.com/tsmc/report-api/internal/export/pdf_visual.go:473.47,475.3 1 0
github.com/tsmc/report-api/internal/export/pdf_visual.go:476.2,480.34 5 0
github.com/tsmc/report-api/internal/export/pdf_visual.go:480.34,481.13 1 0
github.com/tsmc/report-api/internal/export/pdf_visual.go:481.13,482.9 1 0
github.com/tsmc/report-api/internal/export/pdf_visual.go:484.3,485.17 2 0
github.com/tsmc/report-api/internal/export/pdf_visual.go:485.17,487.4 1 0
github.com/tsmc/report-api/internal/export/pdf_visual.go:488.3,488.102 1 0
github.com/tsmc/report-api/internal/export/pdf_visual.go:492.73,493.21 1 0
github.com/tsmc/report-api/internal/export/pdf_visual.go:493.21,495.3 1 0
github.com/tsmc/report-api/internal/export/pdf_visual.go:496.2,499.26 4 0
github.com/tsmc/report-api/internal/export/pdf_visual.go:499.26,501.3 1 0
github.com/tsmc/report-api/internal/export/pdf_visual.go:502.2,502.63 1 0
github.com/tsmc/report-api/internal/export/pdf_visual.go:505.70,507.2 1 1
github.com/tsmc/report-api/internal/export/pdf_visual.go:509.93,510.23 1 1
github.com/tsmc/report-api/internal/export/pdf_visual.go:510.23,512.3 1 0
github.com/tsmc/report-api/internal/export/pdf_visual.go:513.2,513.17 1 1
github.com/tsmc/report-api/internal/export/pdf_visual.go:513.17,517.3 3 0
github.com/tsmc/report-api/internal/export/pdf_visual.go:518.2,519.23 2 1
github.com/tsmc/report-api/internal/export/pdf_visual.go:519.23,522.29 3 1
github.com/tsmc/report-api/internal/export/pdf_visual.go:522.29,524.4 1 1
github.com/tsmc/report-api/internal/export/pdf_visual.go:525.3,525.13 1 1
github.com/tsmc/report-api/internal/export/pdf_visual.go:527.2,529.27 3 1
github.com/tsmc/report-api/internal/export/pdf_visual.go:529.27,530.23 1 1
github.com/tsmc/report-api/internal/export/pdf_visual.go:530.23,534.4 3 0
github.com/tsmc/report-api/internal/export/pdf_visual.go:535.3,536.11 2 1
github.com/tsmc/report-api/internal/export/pdf_visual.go:536.11,538.4 1 1
github.com/tsmc/report-api/internal/export/pdf_visual.go:538.9,540.4 1 1
github.com/tsmc/report-api/internal/export/pdf_visual.go:541.3,541.28 1 1
github.com/tsmc/report-api/internal/export/pdf_visual.go:541.28,543.4 1 1
github.com/tsmc/report-api/internal/export/pdf_visual.go:544.3,544.13 1 1
github.com/tsmc/report-api/internal/export/pdf_visual.go:546.2,546.11 1 1
github.com/tsmc/report-api/internal/metrics/passback.go:26.105,27.30 1 1
github.com/tsmc/report-api/internal/metrics/passback.go:27.30,29.3 1 1
github.com/tsmc/report-api/internal/metrics/passback.go:30.2,31.12 2 1
github.com/tsmc/report-api/internal/metrics/passback.go:31.12,33.7 2 1
github.com/tsmc/report-api/internal/metrics/passback.go:33.7,34.11 1 1
github.com/tsmc/report-api/internal/metrics/passback.go:35.22,36.11 1 1
github.com/tsmc/report-api/internal/metrics/passback.go:37.20,38.20 1 0
github.com/tsmc/report-api/internal/metrics/passback.go:44.66,46.16 2 1
github.com/tsmc/report-api/internal/metrics/passback.go:46.16,49.3 2 1
github.com/tsmc/report-api/internal/metrics/passback.go:50.2,52.27 3 1
github.com/tsmc/report-api/internal/metrics/passback.go:52.27,54.22 2 1
github.com/tsmc/report-api/internal/metrics/passback.go:54.22,56.4 1 1
github.com/tsmc/report-api/internal/metrics/passback.go:58.2,58.37 1 1
github.com/tsmc/report-api/internal/handler/report.go:44.100,46.2 1 1
github.com/tsmc/report-api/internal/handler/report.go:49.116,51.18 2 1
github.com/tsmc/report-api/internal/handler/report.go:51.18,54.3 2 1
github.com/tsmc/report-api/internal/handler/report.go:55.2,55.46 1 1
github.com/tsmc/report-api/internal/handler/report.go:55.46,58.3 2 1
github.com/tsmc/report-api/internal/handler/report.go:60.2,61.16 2 1
github.com/tsmc/report-api/internal/handler/report.go:61.16,64.3 2 1
github.com/tsmc/report-api/internal/handler/report.go:65.2,65.41 1 1
github.com/tsmc/report-api/internal/handler/report.go:65.41,68.3 2 1
github.com/tsmc/report-api/internal/handler/report.go:69.2,69.70 1 1
github.com/tsmc/report-api/internal/handler/report.go:73.56,75.15 2 1
github.com/tsmc/report-api/internal/handler/report.go:75.15,77.3 1 1
github.com/tsmc/report-api/internal/handler/report.go:79.2,80.9 2 1
github.com/tsmc/report-api/internal/handler/report.go:80.9,83.3 2 1
github.com/tsmc/report-api/internal/handler/report.go:85.2,86.48 2 1
github.com/tsmc/report-api/internal/handler/report.go:86.48,91.3 4 1
github.com/tsmc/report-api/internal/handler/report.go:93.2,94.16 2 1
github.com/tsmc/report-api/internal/handler/report.go:94.16,99.3 4 0
github.com/tsmc/report-api/internal/handler/report.go:101.2,102.29 2 1
github.com/tsmc/report-api/internal/handler/report.go:106.58,108.15 2 1
github.com/tsmc/report-api/internal/handler/report.go:108.15,110.3 1 1
github.com/tsmc/report-api/internal/handler/report.go:112.2,113.9 2 1
github.com/tsmc/report-api/internal/handler/report.go:113.9,116.3 2 0
github.com/tsmc/report-api/internal/handler/report.go:117.2,117.38 1 1
github.com/tsmc/report-api/internal/handler/report.go:117.38,121.3 3 1
github.com/tsmc/report-api/internal/handler/report.go:123.2,124.48 2 1
github.com/tsmc/report-api/internal/handler/report.go:124.48,129.3 4 1
github.com/tsmc/report-api/internal/handler/report.go:131.2,132.16 2 1
github.com/tsmc/report-api/internal/handler/report.go:132.16,133.46 1 0
github.com/tsmc/report-api/internal/handler/report.go:133.46,138.4 4 0
github.com/tsmc/report-api/internal/handler/report.go:139.3,141.9 3 0
github.com/tsmc/report-api/internal/handler/report.go:144.2,145.29 2 1
github.com/tsmc/report-api/internal/handler/report.go:149.50,151.15 2 1
github.com/tsmc/report-api/internal/handler/report.go:151.15,153.3 1 1
github.com/tsmc/report-api/internal/handler/report.go:155.2,156.9 2 1
github.com/tsmc/report-api/internal/handler/report.go:156.9,159.3 2 0
github.com/tsmc/report-api/internal/handler/report.go:161.2,162.48 2 1
github.com/tsmc/report-api/internal/handler/report.go:162.48,167.3 4 1
github.com/tsmc/report-api/internal/handler/report.go:169.2,170.16 2 1
github.com/tsmc/report-api/internal/handler/report.go:170.16,175.3 4 0
github.com/tsmc/report-api/internal/handler/report.go:177.2,178.29 2 1
github.com/tsmc/report-api/internal/handler/report.go:182.48,184.15 2 1
github.com/tsmc/report-api/internal/handler/report.go:184.15,186.3 1 1
github.com/tsmc/report-api/internal/handler/report.go:188.2,189.9 2 1
github.com/tsmc/report-api/internal/handler/report.go:189.9,192.3 2 0
github.com/tsmc/report-api/internal/handler/report.go:194.2,195.48 2 1
github.com/tsmc/report-api/internal/handler/report.go:195.48,200.3 4 1
github.com/tsmc/report-api/internal/handler/report.go:201.2,202.22 2 1
github.com/tsmc/report-api/internal/handler/report.go:202.22,204.3 1 1
github.com/tsmc/report-api/internal/handler/report.go:205.2,205.66 1 1
github.com/tsmc/report-api/internal/handler/report.go:205.66,209.3 3 1
github.com/tsmc/report-api/internal/handler/report.go:211.2,212.16 2 1
github.com/tsmc/report-api/internal/handler/report.go:212.16,213.46 1 1
github.com/tsmc/report-api/internal/handler/report.go:213.46,218.4 4 0
github.com/tsmc/report-api/internal/handler/report.go:219.3,221.9 3 1
github.com/tsmc/report-api/internal/handler/report.go:224.2,225.25 2 1
github.com/tsmc/report-api/internal/handler/report.go:225.25,227.3 1 1
github.com/tsmc/report-api/internal/handler/report.go:227.8,229.3 1 1
github.com/tsmc/report-api/internal/handler/report.go:230.2,232.48 3 1
github.com/tsmc/report-api/internal/handler/report.go:232.48,234.3 1 0
github.com/tsmc/report-api/internal/handler/report.go:238.57,240.15 2 1
github.com/tsmc/report-api/internal/handler/report.go:240.15,242.3 1 1
github.com/tsmc/report-api/internal/handler/report.go:244.2,245.9 2 1
github.com/tsmc/report-api/internal/handler/report.go:245.9,248.3 2 0
github.com/tsmc/report-api/internal/handler/report.go:250.2,251.47 2 1
github.com/tsmc/report-api/internal/handler/report.go:251.47,256.3 4 1
github.com/tsmc/report-api/internal/handler/report.go:258.2,258.25 1 1
github.com/tsmc/report-api/internal/handler/report.go:258.25,262.3 3 1
github.com/tsmc/report-api/internal/handler/report.go:264.2,265.22 2 1
github.com/tsmc/report-api/internal/handler/report.go:265.22,267.3 1 0
github.com/tsmc/report-api/internal/handler/report.go:268.2,268.66 1 1
github.com/tsmc/report-api/internal/handler/report.go:268.66,272.3 3 0
github.com/tsmc/report-api/internal/handler/report.go:273.2,277.115 4 1
github.com/tsmc/report-api/internal/handler/report.go:281.54,283.45 2 1
github.com/tsmc/report-api/internal/handler/report.go:283.45,286.3 2 1
github.com/tsmc/report-api/internal/handler/report.go:287.2,288.18 2 1
github.com/tsmc/report-api/internal/handler/report.go:288.18,291.3 2 1
github.com/tsmc/report-api/internal/handler/report.go:292.2,293.9 2 1
github.com/tsmc/report-api/internal/handler/report.go:293.9,296.3 2 1
github.com/tsmc/report-api/internal/handler/report.go:297.2,297.20 1 1
github.com/tsmc/report-api/internal/handler/report.go:298.25,300.9 2 1
github.com/tsmc/report-api/internal/handler/report.go:301.24,307.9 2 1
github.com/tsmc/report-api/internal/handler/report.go:308.22,310.17 2 1
github.com/tsmc/report-api/internal/handler/report.go:310.17,314.4 3 0
github.com/tsmc/report-api/internal/handler/report.go:315.3,316.26 2 1
github.com/tsmc/report-api/internal/handler/report.go:316.26,318.4 1 0
github.com/tsmc/report-api/internal/handler/report.go:318.9,320.4 1 1
github.com/tsmc/report-api/internal/handler/report.go:321.3,322.49 2 1
github.com/tsmc/report-api/internal/handler/report.go:322.49,325.4 2 0
github.com/tsmc/report-api/internal/handler/report.go:326.3,326.9 1 1
github.com/tsmc/report-api/internal/handler/report.go:328.2,328.47 1 0
github.com/tsmc/report-api/internal/handler/report.go:331.47,339.2 1 1
github.com/tsmc/report-api/internal/handler/report.go:342.53,344.15 2 1
github.com/tsmc/report-api/internal/handler/report.go:344.15,346.3 1 1
github.com/tsmc/report-api/internal/handler/report.go:348.2,349.9 2 1
github.com/tsmc/report-api/internal/handler/report.go:349.9,352.3 2 1
github.com/tsmc/report-api/internal/handler/report.go:353.2,354.48 2 1
github.com/tsmc/report-api/internal/handler/report.go:354.48,359.3 4 0
github.com/tsmc/report-api/internal/handler/report.go:360.2,361.16 2 1
github.com/tsmc/report-api/internal/handler/report.go:361.16,362.46 1 1
github.com/tsmc/report-api/internal/handler/report.go:362.46,367.4 4 1
github.com/tsmc/report-api/internal/handler/report.go:368.3,370.9 3 0
github.com/tsmc/report-api/internal/handler/report.go:372.2,373.29 2 1
github.com/tsmc/report-api/internal/handler/report.go:377.58,379.15 2 1
github.com/tsmc/report-api/internal/handler/report.go:379.15,381.3 1 1
github.com/tsmc/report-api/internal/handler/report.go:383.2,384.9 2 1
github.com/tsmc/report-api/internal/handler/report.go:384.9,387.3 2 0
github.com/tsmc/report-api/internal/handler/report.go:388.2,389.48 2 1
github.com/tsmc/report-api/internal/handler/report.go:389.48,394.3 4 0
github.com/tsmc/report-api/internal/handler/report.go:395.2,396.16 2 1
github.com/tsmc/report-api/internal/handler/report.go:396.16,397.46 1 0
github.com/tsmc/report-api/internal/handler/report.go:397.46,402.4 4 0
github.com/tsmc/report-api/internal/handler/report.go:403.3,405.9 3 0
github.com/tsmc/report-api/internal/handler/report.go:407.2,408.29 2 1
github.com/tsmc/report-api/internal/handler/report.go:412.62,414.15 2 1
github.com/tsmc/report-api/internal/handler/report.go:414.15,416.3 1 1
github.com/tsmc/report-api/internal/handler/report.go:418.2,419.9 2 1
github.com/tsmc/report-api/internal/handler/report.go:419.9,422.3 2 0
github.com/tsmc/report-api/internal/handler/report.go:423.2,424.48 2 1
github.com/tsmc/report-api/internal/handler/report.go:424.48,429.3 4 0
github.com/tsmc/report-api/internal/handler/report.go:430.2,431.16 2 1
github.com/tsmc/report-api/internal/handler/report.go:431.16,432.46 1 0
github.com/tsmc/report-api/internal/handler/report.go:432.46,437.4 4 0
github.com/tsmc/report-api/internal/handler/report.go:438.3,440.9 3 0
github.com/tsmc/report-api/internal/handler/report.go:442.2,443.29 2 1
github.com/tsmc/report-api/internal/handler/report.go:446.42,448.22 2 1
github.com/tsmc/report-api/internal/handler/report.go:448.22,449.10 1 1
github.com/tsmc/report-api/internal/handler/report.go:450.73,451.18 1 1
github.com/tsmc/report-api/internal/handler/report.go:452.47,453.20 1 1
github.com/tsmc/report-api/internal/handler/report.go:456.2,457.15 2 1
github.com/tsmc/report-api/internal/handler/report.go:457.15,459.3 1 1
github.com/tsmc/report-api/internal/handler/report.go:460.2,460.12 1 1
github.com/tsmc/report-api/internal/handler/report.go:463.157,465.30 2 1
github.com/tsmc/report-api/internal/handler/report.go:465.30,467.3 1 1
github.com/tsmc/report-api/internal/handler/report.go:467.8,467.28 1 0
github.com/tsmc/report-api/internal/handler/report.go:467.28,468.96 1 0
github.com/tsmc/report-api/internal/handler/report.go:468.96,470.4 1 0
github.com/tsmc/report-api/internal/handler/report.go:472.2,472.103 1 1
github.com/tsmc/report-api/internal/cache/redis.go:19.47,21.42 2 1
github.com/tsmc/report-api/internal/cache/redis.go:21.42,25.3 1 0
github.com/tsmc/report-api/internal/cache/redis.go:25.8,29.3 1 1
github.com/tsmc/report-api/internal/cache/redis.go:30.2,32.3 1 1
github.com/tsmc/report-api/internal/cache/redis.go:36.55,38.2 1 1
github.com/tsmc/report-api/internal/cache/redis.go:41.76,43.22 2 1
github.com/tsmc/report-api/internal/cache/redis.go:43.22,45.3 1 1
github.com/tsmc/report-api/internal/cache/redis.go:46.2,46.16 1 1
github.com/tsmc/report-api/internal/cache/redis.go:46.16,48.3 1 0
github.com/tsmc/report-api/internal/cache/redis.go:49.2,49.17 1 1
github.com/tsmc/report-api/internal/cache/redis.go:53.79,55.2 1 1
github.com/tsmc/report-api/internal/cache/redis.go:59.77,61.21 2 1
github.com/tsmc/report-api/internal/cache/redis.go:61.21,62.61 1 1
github.com/tsmc/report-api/internal/cache/redis.go:62.61,64.4 1 0
github.com/tsmc/report-api/internal/cache/redis.go:66.2,66.19 1 1
github.com/tsmc/report-api/cmd/server/main.go:24.13,33.46 6 0
github.com/tsmc/report-api/cmd/server/main.go:33.46,35.3 1 0
github.com/tsmc/report-api/cmd/server/main.go:37.2,39.26 3 0
github.com/tsmc/report-api/cmd/server/main.go:39.26,41.17 2 0
github.com/tsmc/report-api/cmd/server/main.go:41.17,42.9 1 0
github.com/tsmc/report-api/cmd/server/main.go:44.3,45.30 2 0
github.com/tsmc/report-api/cmd/server/main.go:47.2,47.16 1 0
github.com/tsmc/report-api/cmd/server/main.go:47.16,50.3 2 0
github.com/tsmc/report-api/cmd/server/main.go:51.2,54.16 3 0
github.com/tsmc/report-api/cmd/server/main.go:54.16,57.3 2 0
github.com/tsmc/report-api/cmd/server/main.go:58.2,61.16 3 0
github.com/tsmc/report-api/cmd/server/main.go:61.16,64.3 2 0
github.com/tsmc/report-api/cmd/server/main.go:65.2,68.16 3 0
github.com/tsmc/report-api/cmd/server/main.go:68.16,71.3 2 0
github.com/tsmc/report-api/cmd/server/main.go:73.2,84.26 10 0
github.com/tsmc/report-api/cmd/server/main.go:84.26,86.3 1 0
github.com/tsmc/report-api/cmd/server/main.go:89.2,90.36 2 0
github.com/tsmc/report-api/cmd/server/main.go:90.36,92.3 1 0
github.com/tsmc/report-api/cmd/server/main.go:94.2,94.40 1 0
github.com/tsmc/report-api/cmd/server/main.go:94.40,95.59 1 0
github.com/tsmc/report-api/cmd/server/main.go:95.59,98.4 2 0
github.com/tsmc/report-api/cmd/server/main.go:99.3,99.47 1 0
github.com/tsmc/report-api/cmd/server/main.go:101.2,104.2 3 0
github.com/tsmc/report-api/cmd/server/main.go:104.2,114.3 9 0
github.com/tsmc/report-api/cmd/server/main.go:116.2,118.12 2 0
github.com/tsmc/report-api/cmd/server/main.go:118.12,120.77 2 0
github.com/tsmc/report-api/cmd/server/main.go:120.77,123.4 2 0
github.com/tsmc/report-api/cmd/server/main.go:126.2,132.50 6 0
github.com/tsmc/report-api/cmd/server/main.go:132.50,134.3 1 0
github.com/tsmc/report-api/internal/repository/analytics.go:19.126,20.17 1 0
github.com/tsmc/report-api/internal/repository/analytics.go:20.17,22.3 1 0
github.com/tsmc/report-api/internal/repository/analytics.go:23.2,23.26 1 0
github.com/tsmc/report-api/internal/repository/analytics.go:23.26,25.3 1 0
github.com/tsmc/report-api/internal/repository/analytics.go:26.2,42.16 4 0
github.com/tsmc/report-api/internal/repository/analytics.go:42.16,44.3 1 0
github.com/tsmc/report-api/internal/repository/analytics.go:45.2,48.18 3 0
github.com/tsmc/report-api/internal/repository/analytics.go:48.18,50.91 2 0
github.com/tsmc/report-api/internal/repository/analytics.go:50.91,52.4 1 0
github.com/tsmc/report-api/internal/repository/analytics.go:53.3,53.25 1 0
github.com/tsmc/report-api/internal/repository/analytics.go:53.25,55.4 1 0
github.com/tsmc/report-api/internal/repository/analytics.go:56.3,56.25 1 0
github.com/tsmc/report-api/internal/repository/analytics.go:58.2,58.24 1 0
github.com/tsmc/report-api/internal/repository/analytics.go:72.154,73.26 1 0
github.com/tsmc/report-api/internal/repository/analytics.go:73.26,75.3 1 0
github.com/tsmc/report-api/internal/repository/analytics.go:76.2,112.16 3 0
github.com/tsmc/report-api/internal/repository/analytics.go:112.16,114.3 1 0
github.com/tsmc/report-api/internal/repository/analytics.go:115.2,118.18 3 0
github.com/tsmc/report-api/internal/repository/analytics.go:118.18,121.115 3 0
github.com/tsmc/report-api/internal/repository/analytics.go:121.115,123.4 1 0
github.com/tsmc/report-api/internal/repository/analytics.go:124.3,126.31 3 0
github.com/tsmc/report-api/internal/repository/analytics.go:128.2,128.28 1 0
github.com/tsmc/report-api/internal/repository/analytics.go:132.110,147.16 4 0
github.com/tsmc/report-api/internal/repository/analytics.go:147.16,149.3 1 0
github.com/tsmc/report-api/internal/repository/analytics.go:150.2,153.18 3 0
github.com/tsmc/report-api/internal/repository/analytics.go:153.18,155.75 2 0
github.com/tsmc/report-api/internal/repository/analytics.go:155.75,157.4 1 0
github.com/tsmc/report-api/internal/repository/analytics.go:158.3,158.25 1 0
github.com/tsmc/report-api/internal/repository/analytics.go:158.25,160.4 1 0
github.com/tsmc/report-api/internal/repository/analytics.go:161.3,161.25 1 0
github.com/tsmc/report-api/internal/repository/analytics.go:163.2,163.24 1 0
github.com/tsmc/report-api/internal/repository/analytics.go:167.133,168.42 1 0
github.com/tsmc/report-api/internal/repository/analytics.go:168.42,170.3 1 0
github.com/tsmc/report-api/internal/repository/analytics.go:171.2,172.26 2 0
github.com/tsmc/report-api/internal/repository/analytics.go:172.26,174.3 1 0
github.com/tsmc/report-api/internal/repository/analytics.go:176.2,176.25 1 0
github.com/tsmc/report-api/internal/repository/analytics.go:176.25,178.22 2 0
github.com/tsmc/report-api/internal/repository/analytics.go:179.41,185.58 6 0
github.com/tsmc/report-api/internal/repository/analytics.go:185.58,187.33 2 0
github.com/tsmc/report-api/internal/repository/analytics.go:187.33,192.6 4 0
github.com/tsmc/report-api/internal/repository/analytics.go:194.4,194.19 1 0
github.com/tsmc/report-api/internal/repository/analytics.go:194.19,196.5 1 0
github.com/tsmc/report-api/internal/repository/analytics.go:197.4,197.16 1 0
github.com/tsmc/report-api/internal/repository/analytics.go:197.16,199.5 1 0
github.com/tsmc/report-api/internal/repository/analytics.go:200.17,206.58 6 0
github.com/tsmc/report-api/internal/repository/analytics.go:206.58,208.33 2 0
github.com/tsmc/report-api/internal/repository/analytics.go:208.33,213.6 4 0
github.com/tsmc/report-api/internal/repository/analytics.go:215.4,215.19 1 0
github.com/tsmc/report-api/internal/repository/analytics.go:215.19,217.5 1 0
github.com/tsmc/report-api/internal/repository/analytics.go:218.4,218.16 1 0
github.com/tsmc/report-api/internal/repository/analytics.go:218.16,220.5 1 0
github.com/tsmc/report-api/internal/repository/analytics.go:221.11,222.42 1 0
github.com/tsmc/report-api/internal/repository/analytics.go:222.42,225.5 2 0
github.com/tsmc/report-api/internal/repository/analytics.go:228.2,228.16 1 0
github.com/tsmc/report-api/internal/repository/analytics.go:232.54,234.25 2 0
github.com/tsmc/report-api/internal/repository/analytics.go:234.25,235.20 1 0
github.com/tsmc/report-api/internal/repository/analytics.go:235.20,237.4 1 0
github.com/tsmc/report-api/internal/repository/analytics.go:239.2,239.12 1 0
github.com/tsmc/report-api/internal/repository/inout.go:31.81,33.39 2 0
github.com/tsmc/report-api/internal/repository/inout.go:33.39,37.3 1 0
github.com/tsmc/report-api/internal/repository/inout.go:39.2,49.16 2 0
github.com/tsmc/report-api/internal/repository/inout.go:49.16,51.3 1 0
github.com/tsmc/report-api/internal/repository/inout.go:52.2,52.58 1 0
github.com/tsmc/report-api/internal/repository/inout.go:52.58,55.3 2 0
github.com/tsmc/report-api/internal/repository/inout.go:56.2,56.48 1 0
github.com/tsmc/report-api/internal/repository/inout.go:60.135,62.16 2 0
github.com/tsmc/report-api/internal/repository/inout.go:62.16,64.3 1 0
github.com/tsmc/report-api/internal/repository/inout.go:66.2,75.16 2 0
github.com/tsmc/report-api/internal/repository/inout.go:75.16,77.3 1 0
github.com/tsmc/report-api/internal/repository/inout.go:78.2,79.25 2 0
github.com/tsmc/report-api/internal/repository/inout.go:95.113,97.16 2 0
github.com/tsmc/report-api/internal/repository/inout.go:97.16,99.3 1 0
github.com/tsmc/report-api/internal/repository/inout.go:101.2,102.89 2 0
github.com/tsmc/report-api/internal/repository/inout.go:102.89,104.3 1 0
github.com/tsmc/report-api/internal/repository/inout.go:106.2,112.16 6 0
github.com/tsmc/report-api/internal/repository/inout.go:112.16,114.3 1 0
github.com/tsmc/report-api/internal/repository/inout.go:115.2,118.16 3 0
github.com/tsmc/report-api/internal/repository/inout.go:118.16,120.3 1 0
github.com/tsmc/report-api/internal/repository/inout.go:121.2,121.37 1 0
github.com/tsmc/report-api/internal/repository/inout.go:125.145,126.26 1 0
github.com/tsmc/report-api/internal/repository/inout.go:126.26,128.3 1 0
github.com/tsmc/report-api/internal/repository/inout.go:129.2,130.32 2 0
github.com/tsmc/report-api/internal/repository/inout.go:130.32,132.17 2 0
github.com/tsmc/report-api/internal/repository/inout.go:132.17,134.4 1 0
github.com/tsmc/report-api/internal/repository/inout.go:137.2,146.16 2 0
github.com/tsmc/report-api/internal/repository/inout.go:146.16,148.3 1 0
github.com/tsmc/report-api/internal/repository/inout.go:149.2,150.25 2 0
github.com/tsmc/report-api/internal/repository/inout.go:153.63,155.18 2 0
github.com/tsmc/report-api/internal/repository/inout.go:155.18,164.67 7 0
github.com/tsmc/report-api/internal/repository/inout.go:164.67,166.4 1 0
github.com/tsmc/report-api/internal/repository/inout.go:168.3,178.29 10 0
github.com/tsmc/report-api/internal/repository/inout.go:180.2,180.27 1 0
github.com/tsmc/report-api/internal/repository/inout.go:184.156,186.26 2 0
github.com/tsmc/report-api/internal/repository/inout.go:186.26,188.3 1 0
github.com/tsmc/report-api/internal/repository/inout.go:189.2,190.32 2 0
github.com/tsmc/report-api/internal/repository/inout.go:190.32,192.17 2 0
github.com/tsmc/report-api/internal/repository/inout.go:192.17,194.4 1 0
github.com/tsmc/report-api/internal/repository/inout.go:196.2,208.17 6 0
github.com/tsmc/report-api/internal/repository/inout.go:212.155,213.26 1 0
github.com/tsmc/report-api/internal/repository/inout.go:213.26,215.3 1 0
github.com/tsmc/report-api/internal/repository/inout.go:216.2,217.32 2 0
github.com/tsmc/report-api/internal/repository/inout.go:217.32,219.17 2 0
github.com/tsmc/report-api/internal/repository/inout.go:219.17,221.4 1 0
github.com/tsmc/report-api/internal/repository/inout.go:223.2,259.16 3 0
github.com/tsmc/report-api/internal/repository/inout.go:259.16,261.3 1 0
github.com/tsmc/report-api/internal/repository/inout.go:262.2,264.18 3 0
github.com/tsmc/report-api/internal/repository/inout.go:264.18,267.106 3 0
github.com/tsmc/report-api/internal/repository/inout.go:267.106,269.4 1 0
github.com/tsmc/report-api/internal/repository/inout.go:270.3,274.33 5 0
github.com/tsmc/report-api/internal/repository/inout.go:276.2,276.28 1 0
github.com/tsmc/report-api/internal/repository/inout.go:280.43,282.2 1 0
github.com/tsmc/report-api/internal/repository/inout_audit_queries.go:94.75,98.24 3 0
github.com/tsmc/report-api/internal/repository/inout_audit_queries.go:98.24,100.17 2 0
github.com/tsmc/report-api/internal/repository/inout_audit_queries.go:100.17,102.4 1 0
github.com/tsmc/report-api/internal/repository/inout_audit_queries.go:103.3,104.31 2 0
github.com/tsmc/report-api/internal/repository/inout_audit_queries.go:106.2,106.20 1 0
github.com/tsmc/report-api/internal/repository/inout_audit_queries.go:106.20,108.17 2 0
github.com/tsmc/report-api/internal/repository/inout_audit_queries.go:108.17,110.4 1 0
github.com/tsmc/report-api/internal/repository/inout_audit_queries.go:111.3,112.32 2 0
github.com/tsmc/report-api/internal/repository/inout_audit_queries.go:114.2,114.20 1 0
github.com/tsmc/report-api/internal/repository/inout_audit_queries.go:114.20,115.48 1 0
github.com/tsmc/report-api/internal/repository/inout_audit_queries.go:115.48,117.4 1 0
github.com/tsmc/report-api/internal/repository/inout_audit_queries.go:118.3,119.32 2 0
github.com/tsmc/report-api/internal/repository/inout_audit_queries.go:121.2,121.27 1 0
github.com/tsmc/report-api/internal/repository/inout_audit_queries.go:121.27,123.35 2 0
github.com/tsmc/report-api/internal/repository/inout_audit_queries.go:123.35,125.18 2 0
github.com/tsmc/report-api/internal/repository/inout_audit_queries.go:125.18,127.5 1 0
github.com/tsmc/report-api/internal/repository/inout_audit_queries.go:129.3,130.32 2 0
github.com/tsmc/report-api/internal/repository/inout_audit_queries.go:133.2,134.9 2 0
github.com/tsmc/report-api/internal/repository/inout_audit_queries.go:134.9,136.3 1 0
github.com/tsmc/report-api/internal/repository/inout_audit_queries.go:137.2,137.21 1 0
github.com/tsmc/report-api/internal/repository/org.go:40.77,42.39 2 0
github.com/tsmc/report-api/internal/repository/org.go:42.39,46.3 1 0
github.com/tsmc/report-api/internal/repository/org.go:48.2,58.16 2 0
github.com/tsmc/report-api/internal/repository/org.go:58.16,60.3 1 0
github.com/tsmc/report-api/internal/repository/org.go:61.2,61.58 1 0
github.com/tsmc/report-api/internal/repository/org.go:61.58,64.3 2 0
github.com/tsmc/report-api/internal/repository/org.go:65.2,65.46 1 0
github.com/tsmc/report-api/internal/repository/org.go:68.59,70.2 1 0
github.com/tsmc/report-api/internal/repository/org.go:73.94,75.16 2 0
github.com/tsmc/report-api/internal/repository/org.go:75.16,77.3 1 0
github.com/tsmc/report-api/internal/repository/org.go:78.2,79.112 2 0
github.com/tsmc/report-api/internal/repository/org.go:79.112,81.3 1 0
github.com/tsmc/report-api/internal/repository/org.go:82.2,82.16 1 0
github.com/tsmc/report-api/internal/repository/org.go:82.16,84.3 1 0
github.com/tsmc/report-api/internal/repository/org.go:86.2,97.16 8 0
github.com/tsmc/report-api/internal/repository/org.go:97.16,99.3 1 0
github.com/tsmc/report-api/internal/repository/org.go:100.2,100.21 1 0
github.com/tsmc/report-api/internal/repository/org.go:100.21,102.3 1 0
github.com/tsmc/report-api/internal/repository/org.go:103.2,103.16 1 0
github.com/tsmc/report-api/internal/repository/org.go:107.98,109.16 2 0
github.com/tsmc/report-api/internal/repository/org.go:109.16,111.3 1 0
github.com/tsmc/report-api/internal/repository/org.go:112.2,115.16 3 0
github.com/tsmc/report-api/internal/repository/org.go:115.16,117.3 1 0
github.com/tsmc/report-api/internal/repository/org.go:119.2,121.16 2 0
github.com/tsmc/report-api/internal/repository/org.go:121.16,123.3 1 0
github.com/tsmc/report-api/internal/repository/org.go:124.2,127.18 3 0
github.com/tsmc/report-api/internal/repository/org.go:127.18,129.40 2 0
github.com/tsmc/report-api/internal/repository/org.go:129.40,131.4 1 0
github.com/tsmc/report-api/internal/repository/org.go:132.3,132.24 1 0
github.com/tsmc/report-api/internal/repository/org.go:134.2,134.24 1 0
github.com/tsmc/report-api/internal/repository/org.go:139.106,141.16 2 0
github.com/tsmc/report-api/internal/repository/org.go:141.16,143.3 1 0
github.com/tsmc/report-api/internal/repository/org.go:144.2,147.16 3 0
github.com/tsmc/report-api/internal/repository/org.go:147.16,149.3 1 0
github.com/tsmc/report-api/internal/repository/org.go:150.2,150.18 1 0
github.com/tsmc/report-api/internal/repository/org.go:154.106,156.16 2 0
github.com/tsmc/report-api/internal/repository/org.go:156.16,158.3 1 0
github.com/tsmc/report-api/internal/repository/org.go:159.2,160.109 2 0
github.com/tsmc/report-api/internal/repository/org.go:160.109,162.3 1 0
github.com/tsmc/report-api/internal/repository/org.go:163.2,163.16 1 0
github.com/tsmc/report-api/internal/repository/org.go:163.16,165.3 1 0
github.com/tsmc/report-api/internal/repository/org.go:166.2,171.16 4 0
github.com/tsmc/report-api/internal/repository/org.go:171.16,173.3 1 0
github.com/tsmc/report-api/internal/repository/org.go:174.2,175.22 2 0
github.com/tsmc/report-api/internal/repository/org.go:175.22,177.3 1 0
github.com/tsmc/report-api/internal/repository/org.go:178.2,178.18 1 0
github.com/tsmc/report-api/internal/repository/org.go:182.104,184.16 2 0
github.com/tsmc/report-api/internal/repository/org.go:184.16,186.3 1 0
github.com/tsmc/report-api/internal/repository/org.go:187.2,187.17 1 0
github.com/tsmc/report-api/internal/repository/org.go:187.17,189.3 1 0
github.com/tsmc/report-api/internal/repository/org.go:190.2,190.28 1 0
github.com/tsmc/report-api/internal/repository/org.go:194.81,198.16 3 0
github.com/tsmc/report-api/internal/repository/org.go:198.16,200.3 1 0
github.com/tsmc/report-api/internal/repository/org.go:201.2,201.25 1 0
github.com/tsmc/report-api/internal/repository/org.go:205.118,207.16 2 0
github.com/tsmc/report-api/internal/repository/org.go:207.16,209.3 1 0
github.com/tsmc/report-api/internal/repository/org.go:210.2,211.16 2 0
github.com/tsmc/report-api/internal/repository/org.go:211.16,213.3 1 0
github.com/tsmc/report-api/internal/repository/org.go:214.2,217.16 3 0
github.com/tsmc/report-api/internal/repository/org.go:217.16,219.3 1 0
github.com/tsmc/report-api/internal/repository/org.go:220.2,222.16 2 0
github.com/tsmc/report-api/internal/repository/org.go:222.16,224.3 1 0
github.com/tsmc/report-api/internal/repository/org.go:225.2,225.103 1 0
github.com/tsmc/report-api/internal/repository/org.go:229.103,230.26 1 0
github.com/tsmc/report-api/internal/repository/org.go:230.26,232.3 1 0
github.com/tsmc/report-api/internal/repository/org.go:233.2,243.16 3 0
github.com/tsmc/report-api/internal/repository/org.go:243.16,245.3 1 0
github.com/tsmc/report-api/internal/repository/org.go:246.2,246.24 1 0
github.com/tsmc/report-api/internal/repository/org.go:250.104,252.16 2 0
github.com/tsmc/report-api/internal/repository/org.go:252.16,254.3 1 0
github.com/tsmc/report-api/internal/repository/org.go:255.2,258.16 2 0
github.com/tsmc/report-api/internal/repository/org.go:258.16,260.3 1 0
github.com/tsmc/report-api/internal/repository/org.go:261.2,264.18 3 0
github.com/tsmc/report-api/internal/repository/org.go:264.18,269.90 5 0
github.com/tsmc/report-api/internal/repository/org.go:269.90,271.4 1 0
github.com/tsmc/report-api/internal/repository/org.go:272.3,274.20 3 0
github.com/tsmc/report-api/internal/repository/org.go:274.20,276.4 1 0
github.com/tsmc/report-api/internal/repository/org.go:277.3,277.27 1 0
github.com/tsmc/report-api/internal/repository/org.go:279.2,279.26 1 0
github.com/tsmc/report-api/internal/repository/org.go:282.41,284.2 1 0
github.com/tsmc/report-api/internal/repository/report.go:36.83,38.39 2 0
github.com/tsmc/report-api/internal/repository/report.go:38.39,42.3 1 0
github.com/tsmc/report-api/internal/repository/report.go:44.2,54.16 2 0
github.com/tsmc/report-api/internal/repository/report.go:54.16,56.3 1 0
github.com/tsmc/report-api/internal/repository/report.go:57.2,57.58 1 0
github.com/tsmc/report-api/internal/repository/report.go:57.58,60.3 2 0
github.com/tsmc/report-api/internal/repository/report.go:61.2,61.49 1 0
github.com/tsmc/report-api/internal/repository/report.go:65.144,66.26 1 0
github.com/tsmc/report-api/internal/repository/report.go:66.26,68.3 1 0
github.com/tsmc/report-api/internal/repository/report.go:70.2,85.16 3 0
github.com/tsmc/report-api/internal/repository/report.go:85.16,87.3 1 0
github.com/tsmc/report-api/internal/repository/report.go:88.2,92.18 4 0
github.com/tsmc/report-api/internal/repository/report.go:92.18,96.47 3 0
github.com/tsmc/report-api/internal/repository/report.go:96.47,98.4 1 0
github.com/tsmc/report-api/internal/repository/report.go:99.3,103.52 4 0
github.com/tsmc/report-api/internal/repository/report.go:103.52,107.4 3 0
github.com/tsmc/report-api/internal/repository/report.go:107.9,111.4 3 0
github.com/tsmc/report-api/internal/repository/report.go:113.2,113.35 1 0
github.com/tsmc/report-api/internal/repository/report.go:113.35,115.3 1 0
github.com/tsmc/report-api/internal/repository/report.go:117.2,117.21 1 0
github.com/tsmc/report-api/internal/repository/report.go:117.21,119.3 1 0
github.com/tsmc/report-api/internal/repository/report.go:121.2,122.16 2 0
github.com/tsmc/report-api/internal/repository/report.go:122.16,124.3 1 0
github.com/tsmc/report-api/internal/repository/report.go:125.2,126.27 2 0
github.com/tsmc/report-api/internal/repository/report.go:126.27,128.3 1 0
github.com/tsmc/report-api/internal/repository/report.go:130.2,131.26 2 0
github.com/tsmc/report-api/internal/repository/report.go:131.26,133.31 2 0
github.com/tsmc/report-api/internal/repository/report.go:133.31,135.4 1 0
github.com/tsmc/report-api/internal/repository/report.go:136.3,136.34 1 0
github.com/tsmc/report-api/internal/repository/report.go:138.2,138.21 1 0
github.com/tsmc/report-api/internal/repository/report.go:142.143,144.26 2 0
github.com/tsmc/report-api/internal/repository/report.go:144.26,146.3 1 0
github.com/tsmc/report-api/internal/repository/report.go:148.2,161.16 4 0
github.com/tsmc/report-api/internal/repository/report.go:161.16,163.3 1 0
github.com/tsmc/report-api/internal/repository/report.go:165.2,165.42 1 0
github.com/tsmc/report-api/internal/repository/report.go:165.42,167.39 2 0
github.com/tsmc/report-api/internal/repository/report.go:167.39,168.33 1 0
github.com/tsmc/report-api/internal/repository/report.go:168.33,172.5 3 0
github.com/tsmc/report-api/internal/repository/report.go:174.8,178.3 3 0
github.com/tsmc/report-api/internal/repository/report.go:180.2,181.16 2 0
github.com/tsmc/report-api/internal/repository/report.go:181.16,183.3 1 0
github.com/tsmc/report-api/internal/repository/report.go:184.2,186.27 3 0
github.com/tsmc/report-api/internal/repository/report.go:186.27,190.3 3 0
github.com/tsmc/report-api/internal/repository/report.go:191.2,191.21 1 0
github.com/tsmc/report-api/internal/repository/report.go:191.21,193.3 1 0
github.com/tsmc/report-api/internal/repository/report.go:194.2,194.17 1 0
github.com/tsmc/report-api/internal/repository/report.go:194.17,196.3 1 0
github.com/tsmc/report-api/internal/repository/report.go:198.2,198.21 1 0
github.com/tsmc/report-api/internal/repository/report.go:202.100,203.26 1 0
github.com/tsmc/report-api/internal/repository/report.go:203.26,205.3 1 0
github.com/tsmc/report-api/internal/repository/report.go:206.2,216.16 3 0
github.com/tsmc/report-api/internal/repository/report.go:216.16,218.3 1 0
github.com/tsmc/report-api/internal/repository/report.go:219.2,219.24 1 0
github.com/tsmc/report-api/internal/repository/report.go:223.148,254.16 3 0
github.com/tsmc/report-api/internal/repository/report.go:254.16,256.3 1 0
github.com/tsmc/report-api/internal/repository/report.go:257.2,260.18 3 0
github.com/tsmc/report-api/internal/repository/report.go:260.18,264.62 3 0
github.com/tsmc/report-api/internal/repository/report.go:264.62,266.4 1 0
github.com/tsmc/report-api/internal/repository/report.go:267.3,270.33 4 0
github.com/tsmc/report-api/internal/repository/report.go:272.2,272.28 1 0
github.com/tsmc/report-api/internal/repository/report.go:276.44,278.2 1 0
github.com/tsmc/report-api/internal/service/analytics.go:13.177,14.38 1 1
github.com/tsmc/report-api/internal/service/analytics.go:14.38,16.3 1 1
github.com/tsmc/report-api/internal/service/analytics.go:17.2,17.21 1 1
github.com/tsmc/report-api/internal/service/analytics.go:17.21,19.3 1 0
github.com/tsmc/report-api/internal/service/analytics.go:20.2,21.16 2 1
github.com/tsmc/report-api/internal/service/analytics.go:21.16,23.3 1 0
github.com/tsmc/report-api/internal/service/analytics.go:24.2,24.16 1 1
github.com/tsmc/report-api/internal/service/analytics.go:24.16,26.3 1 0
github.com/tsmc/report-api/internal/service/analytics.go:27.2,27.17 1 1
github.com/tsmc/report-api/internal/service/analytics.go:27.17,29.3 1 0
github.com/tsmc/report-api/internal/service/analytics.go:30.2,30.21 1 1
github.com/tsmc/report-api/internal/service/analytics.go:30.21,32.3 1 0
github.com/tsmc/report-api/internal/service/analytics.go:33.2,34.16 2 1
github.com/tsmc/report-api/internal/service/analytics.go:34.16,36.3 1 0
github.com/tsmc/report-api/internal/service/analytics.go:37.2,38.16 2 1
github.com/tsmc/report-api/internal/service/analytics.go:38.16,40.3 1 0
github.com/tsmc/report-api/internal/service/analytics.go:41.2,42.25 2 1
github.com/tsmc/report-api/internal/service/analytics.go:42.25,46.3 1 1
github.com/tsmc/report-api/internal/service/analytics.go:47.2,47.78 1 1
github.com/tsmc/report-api/internal/service/analytics.go:51.191,52.38 1 1
github.com/tsmc/report-api/internal/service/analytics.go:52.38,54.3 1 1
github.com/tsmc/report-api/internal/service/analytics.go:55.2,56.16 2 1
github.com/tsmc/report-api/internal/service/analytics.go:56.16,58.3 1 0
github.com/tsmc/report-api/internal/service/analytics.go:59.2,59.16 1 1
github.com/tsmc/report-api/internal/service/analytics.go:59.16,61.3 1 0
github.com/tsmc/report-api/internal/service/analytics.go:62.2,63.23 2 1
github.com/tsmc/report-api/internal/service/analytics.go:63.23,65.3 1 1
github.com/tsmc/report-api/internal/service/analytics.go:66.2,67.34 2 1
github.com/tsmc/report-api/internal/service/analytics.go:67.34,69.3 1 0
github.com/tsmc/report-api/internal/service/analytics.go:70.2,71.16 2 1
github.com/tsmc/report-api/internal/service/analytics.go:71.16,73.3 1 0
github.com/tsmc/report-api/internal/service/analytics.go:74.2,75.16 2 1
github.com/tsmc/report-api/internal/service/analytics.go:75.16,77.3 1 0
github.com/tsmc/report-api/internal/service/analytics.go:78.2,79.26 2 1
github.com/tsmc/report-api/internal/service/analytics.go:79.26,84.3 1 1
github.com/tsmc/report-api/internal/service/analytics.go:85.2,89.28 4 1
github.com/tsmc/report-api/internal/service/analytics.go:89.28,96.3 1 1
github.com/tsmc/report-api/internal/service/analytics.go:97.2,101.8 1 1
github.com/tsmc/report-api/internal/service/analytics.go:105.203,106.38 1 1
github.com/tsmc/report-api/internal/service/analytics.go:106.38,108.3 1 1
github.com/tsmc/report-api/internal/service/analytics.go:109.2,110.16 2 1
github.com/tsmc/report-api/internal/service/analytics.go:110.16,112.3 1 0
github.com/tsmc/report-api/internal/service/analytics.go:113.2,113.16 1 1
github.com/tsmc/report-api/internal/service/analytics.go:113.16,115.3 1 0
github.com/tsmc/report-api/internal/service/analytics.go:116.2,117.34 2 1
github.com/tsmc/report-api/internal/service/analytics.go:117.34,119.3 1 0
github.com/tsmc/report-api/internal/service/analytics.go:120.2,121.16 2 1
github.com/tsmc/report-api/internal/service/analytics.go:121.16,123.3 1 0
github.com/tsmc/report-api/internal/service/analytics.go:124.2,125.16 2 1
github.com/tsmc/report-api/internal/service/analytics.go:125.16,127.3 1 0
github.com/tsmc/report-api/internal/service/analytics.go:128.2,129.16 2 1
github.com/tsmc/report-api/internal/service/analytics.go:129.16,131.3 1 0
github.com/tsmc/report-api/internal/service/analytics.go:132.2,133.16 2 1
github.com/tsmc/report-api/internal/service/analytics.go:133.16,135.3 1 0
github.com/tsmc/report-api/internal/service/analytics.go:136.2,148.8 3 1
github.com/tsmc/report-api/internal/service/errors.go:13.44,13.60 1 1
github.com/tsmc/report-api/internal/service/errors.go:16.51,18.2 1 1
github.com/tsmc/report-api/internal/service/errors.go:21.45,23.2 1 1
github.com/tsmc/report-api/internal/service/export.go:15.173,17.22 2 1
github.com/tsmc/report-api/internal/service/export.go:17.22,19.3 1 0
github.com/tsmc/report-api/internal/service/export.go:21.2,21.20 1 1
github.com/tsmc/report-api/internal/service/export.go:22.18,24.17 2 1
github.com/tsmc/report-api/internal/service/export.go:24.17,26.4 1 0
github.com/tsmc/report-api/internal/service/export.go:27.3,27.44 1 1
github.com/tsmc/report-api/internal/service/export.go:29.20,30.39 1 0
github.com/tsmc/report-api/internal/service/export.go:30.39,32.4 1 0
github.com/tsmc/report-api/internal/service/export.go:33.3,33.26 1 0
github.com/tsmc/report-api/internal/service/export.go:33.26,35.4 1 0
github.com/tsmc/report-api/internal/service/export.go:36.3,41.17 3 0
github.com/tsmc/report-api/internal/service/export.go:41.17,43.4 1 0
github.com/tsmc/report-api/internal/service/export.go:44.3,44.46 1 0
github.com/tsmc/report-api/internal/service/export.go:46.10,47.39 1 1
github.com/tsmc/report-api/internal/service/export.go:47.39,49.4 1 1
github.com/tsmc/report-api/internal/service/export.go:50.3,50.26 1 0
github.com/tsmc/report-api/internal/service/export.go:50.26,52.4 1 0
github.com/tsmc/report-api/internal/service/export.go:53.3,54.17 2 0
github.com/tsmc/report-api/internal/service/export.go:54.17,56.4 1 0
github.com/tsmc/report-api/internal/service/export.go:57.3,57.17 1 0
github.com/tsmc/report-api/internal/service/export.go:57.17,59.4 1 0
github.com/tsmc/report-api/internal/service/export.go:60.3,61.35 2 0
github.com/tsmc/report-api/internal/service/export.go:61.35,63.4 1 0
github.com/tsmc/report-api/internal/service/export.go:64.3,65.17 2 0
github.com/tsmc/report-api/internal/service/export.go:65.17,67.4 1 0
github.com/tsmc/report-api/internal/service/export.go:68.3,69.17 2 0
github.com/tsmc/report-api/internal/service/export.go:69.17,71.4 1 0
github.com/tsmc/report-api/internal/service/export.go:72.3,73.93 2 0
github.com/tsmc/report-api/internal/service/export.go:78.79,79.16 1 1
github.com/tsmc/report-api/internal/service/export.go:80.13,82.24 2 1
github.com/tsmc/report-api/internal/service/export.go:83.10,85.24 2 1
github.com/tsmc/report-api/internal/service/export.go:90.163,92.22 2 1
github.com/tsmc/report-api/internal/service/export.go:92.22,94.3 1 0
github.com/tsmc/report-api/internal/service/export.go:95.2,95.55 1 1
github.com/tsmc/report-api/internal/service/export.go:95.55,97.17 2 0
github.com/tsmc/report-api/internal/service/export.go:97.17,99.4 1 0
github.com/tsmc/report-api/internal/service/export.go:100.3,100.27 1 0
github.com/tsmc/report-api/internal/service/export.go:102.2,103.16 2 1
github.com/tsmc/report-api/internal/service/export.go:103.16,105.3 1 0
github.com/tsmc/report-api/internal/service/export.go:106.2,106.38 1 1
github.com/tsmc/report-api/internal/service/export.go:110.134,111.19 1 1
github.com/tsmc/report-api/internal/service/export.go:111.19,113.3 1 0
github.com/tsmc/report-api/internal/service/export.go:114.2,114.12 1 1
github.com/tsmc/report-api/internal/service/export.go:114.12,120.23 6 1
github.com/tsmc/report-api/internal/service/export.go:120.23,122.4 1 0
github.com/tsmc/report-api/internal/service/export.go:123.3,123.56 1 1
github.com/tsmc/report-api/internal/service/export.go:123.56,126.4 2 0
github.com/tsmc/report-api/internal/service/export.go:126.9,128.19 2 1
github.com/tsmc/report-api/internal/service/export.go:128.19,132.5 3 0
github.com/tsmc/report-api/internal/service/export.go:133.4,133.50 1 1
github.com/tsmc/report-api/internal/service/export.go:135.3,135.17 1 1
github.com/tsmc/report-api/internal/service/export.go:135.17,139.4 3 0
github.com/tsmc/report-api/internal/service/export.go:140.3,141.57 2 1
github.com/tsmc/report-api/internal/service/export.go:141.57,145.4 3 0
github.com/tsmc/report-api/internal/service/export.go:146.3,146.25 1 1
github.com/tsmc/report-api/internal/service/export_visual.go:21.19,22.38 1 1
github.com/tsmc/report-api/internal/service/export_visual.go:22.38,24.3 1 1
github.com/tsmc/report-api/internal/service/export_visual.go:25.2,25.25 1 1
github.com/tsmc/report-api/internal/service/export_visual.go:25.25,27.3 1 1
github.com/tsmc/report-api/internal/service/export_visual.go:28.2,29.23 2 1
github.com/tsmc/report-api/internal/service/export_visual.go:29.23,31.3 1 1
github.com/tsmc/report-api/internal/service/export_visual.go:33.2,38.16 3 1
github.com/tsmc/report-api/internal/service/export_visual.go:38.16,40.3 1 1
github.com/tsmc/report-api/internal/service/export_visual.go:42.2,43.34 2 1
github.com/tsmc/report-api/internal/service/export_visual.go:43.34,45.3 1 0
github.com/tsmc/report-api/internal/service/export_visual.go:47.2,48.16 2 1
github.com/tsmc/report-api/internal/service/export_visual.go:48.16,50.3 1 0
github.com/tsmc/report-api/internal/service/export_visual.go:52.2,53.25 2 1
github.com/tsmc/report-api/internal/service/export_visual.go:53.25,55.3 1 0
github.com/tsmc/report-api/internal/service/export_visual.go:57.2,58.16 2 1
github.com/tsmc/report-api/internal/service/export_visual.go:58.16,60.3 1 0
github.com/tsmc/report-api/internal/service/export_visual.go:62.2,63.16 2 1
github.com/tsmc/report-api/internal/service/export_visual.go:63.16,65.3 1 0
github.com/tsmc/report-api/internal/service/export_visual.go:67.2,68.16 2 1
github.com/tsmc/report-api/internal/service/export_visual.go:68.16,70.3 1 0
github.com/tsmc/report-api/internal/service/export_visual.go:72.2,77.16 3 1
github.com/tsmc/report-api/internal/service/export_visual.go:77.16,79.3 1 0
github.com/tsmc/report-api/internal/service/export_visual.go:81.2,82.15 2 1
github.com/tsmc/report-api/internal/service/export_visual.go:82.15,83.92 1 1
github.com/tsmc/report-api/internal/service/export_visual.go:83.92,85.4 1 0
github.com/tsmc/report-api/internal/service/export_visual.go:88.2,106.4 2 1
github.com/tsmc/report-api/internal/service/export_visual.go:109.35,111.2 1 1
github.com/tsmc/report-api/internal/service/export_visual.go:113.33,115.2 1 1
github.com/tsmc/report-api/internal/service/export_visual.go:121.36,122.28 1 1
github.com/tsmc/report-api/internal/service/export_visual.go:122.28,124.36 2 1
github.com/tsmc/report-api/internal/service/export_visual.go:124.36,126.18 2 1
github.com/tsmc/report-api/internal/service/export_visual.go:126.18,127.13 1 0
github.com/tsmc/report-api/internal/service/export_visual.go:129.4,138.6 3 1
github.com/tsmc/report-api/internal/service/export_visual.go:140.3,140.19 1 1
github.com/tsmc/report-api/internal/service/export_visual.go:143.2,144.16 2 1
github.com/tsmc/report-api/internal/service/export_visual.go:144.16,146.3 1 0
github.com/tsmc/report-api/internal/service/export_visual.go:147.2,148.16 2 1
github.com/tsmc/report-api/internal/service/export_visual.go:148.16,150.3 1 0
github.com/tsmc/report-api/internal/service/export_visual.go:151.2,152.28 2 1
github.com/tsmc/report-api/internal/service/export_visual.go:152.28,154.17 2 1
github.com/tsmc/report-api/internal/service/export_visual.go:154.17,156.4 1 0
github.com/tsmc/report-api/internal/service/export_visual.go:157.3,168.5 2 1
github.com/tsmc/report-api/internal/service/export_visual.go:170.2,170.18 1 1
github.com/tsmc/report-api/internal/service/export_visual.go:173.111,175.16 2 1
github.com/tsmc/report-api/internal/service/export_visual.go:175.16,177.3 1 0
github.com/tsmc/report-api/internal/service/export_visual.go:178.2,179.25 2 1
github.com/tsmc/report-api/internal/service/export_visual.go:179.25,181.3 1 1
github.com/tsmc/report-api/internal/service/export_visual.go:182.2,182.12 1 1
github.com/tsmc/report-api/internal/service/export_visual.go:185.85,187.32 2 1
github.com/tsmc/report-api/internal/service/export_visual.go:187.32,189.3 1 1
github.com/tsmc/report-api/internal/service/export_visual.go:190.2,190.30 1 1
github.com/tsmc/report-api/internal/service/export_visual.go:190.30,192.3 1 1
github.com/tsmc/report-api/internal/service/export_visual.go:193.2,193.26 1 1
github.com/tsmc/report-api/internal/service/export_visual.go:193.26,195.3 1 1
github.com/tsmc/report-api/internal/service/export_visual.go:196.2,196.21 1 1
github.com/tsmc/report-api/internal/service/export_visual.go:196.21,198.3 1 1
github.com/tsmc/report-api/internal/service/export_visual.go:199.2,199.34 1 1
github.com/tsmc/report-api/internal/service/report_service.go:37.18,45.2 1 1
github.com/tsmc/report-api/internal/service/report_service.go:52.138,55.20 2 1
github.com/tsmc/report-api/internal/service/report_service.go:55.20,56.77 1 0
github.com/tsmc/report-api/internal/service/report_service.go:56.77,58.44 2 0
github.com/tsmc/report-api/internal/service/report_service.go:58.44,60.5 1 0
github.com/tsmc/report-api/internal/service/report_service.go:64.2,65.16 2 1
github.com/tsmc/report-api/internal/service/report_service.go:65.16,67.3 1 0
github.com/tsmc/report-api/internal/service/report_service.go:70.2,71.27 2 1
github.com/tsmc/report-api/internal/service/report_service.go:71.27,74.10 3 1
github.com/tsmc/report-api/internal/service/report_service.go:74.10,77.4 2 1
github.com/tsmc/report-api/internal/service/report_service.go:78.3,79.26 2 1
github.com/tsmc/report-api/internal/service/report_service.go:79.26,81.50 2 1
github.com/tsmc/report-api/internal/service/report_service.go:81.50,83.5 1 1
github.com/tsmc/report-api/internal/service/report_service.go:84.9,84.34 1 1
github.com/tsmc/report-api/internal/service/report_service.go:84.34,86.50 2 1
github.com/tsmc/report-api/internal/service/report_service.go:86.50,88.5 1 1
github.com/tsmc/report-api/internal/service/report_service.go:93.2,93.29 1 1
github.com/tsmc/report-api/internal/service/report_service.go:93.29,94.45 1 1
github.com/tsmc/report-api/internal/service/report_service.go:94.45,96.18 2 1
github.com/tsmc/report-api/internal/service/report_service.go:96.18,97.13 1 0
github.com/tsmc/report-api/internal/service/report_service.go:99.4,100.18 2 1
github.com/tsmc/report-api/internal/service/report_service.go:100.18,101.13 1 0
github.com/tsmc/report-api/internal/service/report_service.go:103.4,104.17 2 1
github.com/tsmc/report-api/internal/service/report_service.go:104.17,106.5 1 1
github.com/tsmc/report-api/internal/service/report_service.go:111.2,112.16 2 1
github.com/tsmc/report-api/internal/service/report_service.go:112.16,114.3 1 0
github.com/tsmc/report-api/internal/service/report_service.go:115.2,116.16 2 1
github.com/tsmc/report-api/internal/service/report_service.go:116.16,118.3 1 0
github.com/tsmc/report-api/internal/service/report_service.go:119.2,120.56 2 1
github.com/tsmc/report-api/internal/service/report_service.go:120.56,122.37 2 1
github.com/tsmc/report-api/internal/service/report_service.go:122.37,124.4 1 1
github.com/tsmc/report-api/internal/service/report_service.go:127.2,136.20 2 1
github.com/tsmc/report-api/internal/service/report_service.go:136.20,137.50 1 0
github.com/tsmc/report-api/internal/service/report_service.go:137.50,138.59 1 0
github.com/tsmc/report-api/internal/service/report_service.go:138.59,140.5 1 0
github.com/tsmc/report-api/internal/service/report_service.go:144.2,144.18 1 1
github.com/tsmc/report-api/internal/service/report_service.go:154.169,157.16 2 1
github.com/tsmc/report-api/internal/service/report_service.go:157.16,159.3 1 0
github.com/tsmc/report-api/internal/service/report_service.go:160.2,160.16 1 1
github.com/tsmc/report-api/internal/service/report_service.go:160.16,162.3 1 1
github.com/tsmc/report-api/internal/service/report_service.go:164.2,165.23 2 1
github.com/tsmc/report-api/internal/service/report_service.go:165.23,167.3 1 0
github.com/tsmc/report-api/internal/service/report_service.go:170.2,171.20 2 1
github.com/tsmc/report-api/internal/service/report_service.go:171.20,172.77 1 0
github.com/tsmc/report-api/internal/service/report_service.go:172.77,174.44 2 0
github.com/tsmc/report-api/internal/service/report_service.go:174.44,176.5 1 0
github.com/tsmc/report-api/internal/service/report_service.go:181.2,182.34 2 1
github.com/tsmc/report-api/internal/service/report_service.go:182.34,184.3 1 1
github.com/tsmc/report-api/internal/service/report_service.go:187.2,188.16 2 1
github.com/tsmc/report-api/internal/service/report_service.go:188.16,190.3 1 0
github.com/tsmc/report-api/internal/service/report_service.go:193.2,194.16 2 1
github.com/tsmc/report-api/internal/service/report_service.go:194.16,196.3 1 0
github.com/tsmc/report-api/internal/service/report_service.go:199.2,200.16 2 1
github.com/tsmc/report-api/internal/service/report_service.go:200.16,202.3 1 0
github.com/tsmc/report-api/internal/service/report_service.go:203.2,204.16 2 1
github.com/tsmc/report-api/internal/service/report_service.go:204.16,206.3 1 0
github.com/tsmc/report-api/internal/service/report_service.go:207.2,212.115 4 1
github.com/tsmc/report-api/internal/service/report_service.go:212.115,214.3 1 1
github.com/tsmc/report-api/internal/service/report_service.go:217.2,218.16 2 1
github.com/tsmc/report-api/internal/service/report_service.go:218.16,220.3 1 0
github.com/tsmc/report-api/internal/service/report_service.go:221.2,222.35 2 1
github.com/tsmc/report-api/internal/service/report_service.go:222.35,224.17 2 0
github.com/tsmc/report-api/internal/service/report_service.go:224.17,225.12 1 0
github.com/tsmc/report-api/internal/service/report_service.go:227.3,228.17 2 0
github.com/tsmc/report-api/internal/service/report_service.go:228.17,229.12 1 0
github.com/tsmc/report-api/internal/service/report_service.go:231.3,236.5 1 0
github.com/tsmc/report-api/internal/service/report_service.go:239.2,251.20 2 1
github.com/tsmc/report-api/internal/service/report_service.go:251.20,252.50 1 0
github.com/tsmc/report-api/internal/service/report_service.go:252.50,253.59 1 0
github.com/tsmc/report-api/internal/service/report_service.go:253.59,255.5 1 0
github.com/tsmc/report-api/internal/service/report_service.go:259.2,259.18 1 1
github.com/tsmc/report-api/internal/service/report_service.go:263.108,264.20 1 1
github.com/tsmc/report-api/internal/service/report_service.go:264.20,266.3 1 1
github.com/tsmc/report-api/internal/service/report_service.go:268.2,268.21 1 1
github.com/tsmc/report-api/internal/service/report_service.go:269.16,270.47 1 1
github.com/tsmc/report-api/internal/service/report_service.go:271.17,272.48 1 1
github.com/tsmc/report-api/internal/service/report_service.go:273.19,274.50 1 1
github.com/tsmc/report-api/internal/service/report_service.go:275.16,276.47 1 1
github.com/tsmc/report-api/internal/service/report_service.go:277.10,278.26 1 1
github.com/tsmc/report-api/internal/service/report_service.go:282.60,283.20 1 1
github.com/tsmc/report-api/internal/service/report_service.go:283.20,285.3 1 1
github.com/tsmc/report-api/internal/service/report_service.go:286.2,287.11 2 1
github.com/tsmc/report-api/internal/service/report_service.go:287.11,289.3 1 1
github.com/tsmc/report-api/internal/service/report_service.go:290.2,290.36 1 1
github.com/tsmc/report-api/internal/service/report_service.go:293.66,297.25 3 1
github.com/tsmc/report-api/internal/service/report_service.go:297.25,299.10 2 1
github.com/tsmc/report-api/internal/service/report_service.go:299.10,303.4 3 1
github.com/tsmc/report-api/internal/service/report_service.go:304.3,307.21 4 1
github.com/tsmc/report-api/internal/service/report_service.go:307.21,309.4 1 1
github.com/tsmc/report-api/internal/service/report_service.go:311.2,312.26 2 1
github.com/tsmc/report-api/internal/service/report_service.go:312.26,314.3 1 1
github.com/tsmc/report-api/internal/service/report_service.go:315.2,315.16 1 1
github.com/tsmc/report-api/internal/service/report_service.go:318.94,320.16 2 1
github.com/tsmc/report-api/internal/service/report_service.go:320.16,322.3 1 1
github.com/tsmc/report-api/internal/service/report_service.go:323.2,324.16 2 1
github.com/tsmc/report-api/internal/service/report_service.go:324.16,326.3 1 0
github.com/tsmc/report-api/internal/service/report_service.go:329.2,336.38 4 1
github.com/tsmc/report-api/internal/service/report_service.go:336.38,338.20 2 1
github.com/tsmc/report-api/internal/service/report_service.go:338.20,340.4 1 0
github.com/tsmc/report-api/internal/service/report_service.go:341.3,345.27 2 1
github.com/tsmc/report-api/internal/service/report_service.go:348.2,348.25 1 1
github.com/tsmc/report-api/internal/service/report_service.go:348.25,350.17 2 1
github.com/tsmc/report-api/internal/service/report_service.go:350.17,351.12 1 0
github.com/tsmc/report-api/internal/service/report_service.go:353.3,353.26 1 1
github.com/tsmc/report-api/internal/service/report_service.go:353.26,355.61 1 1
github.com/tsmc/report-api/internal/service/report_service.go:355.61,359.10 4 1
github.com/tsmc/report-api/internal/service/report_service.go:364.2,365.28 2 1
github.com/tsmc/report-api/internal/service/report_service.go:365.28,367.3 1 1
github.com/tsmc/report-api/internal/service/report_service.go:368.2,368.16 1 1
github.com/tsmc/report-api/internal/service/report_service.go:371.95,374.25 3 1
github.com/tsmc/report-api/internal/service/report_service.go:374.25,376.17 2 1
github.com/tsmc/report-api/internal/service/report_service.go:376.17,377.12 1 1
github.com/tsmc/report-api/internal/service/report_service.go:379.3,381.10 3 1
github.com/tsmc/report-api/internal/service/report_service.go:381.10,390.4 5 1
github.com/tsmc/report-api/internal/service/report_service.go:391.3,393.41 3 1
github.com/tsmc/report-api/internal/service/report_service.go:395.2,396.26 2 1
github.com/tsmc/report-api/internal/service/report_service.go:396.26,398.3 1 1
github.com/tsmc/report-api/internal/service/report_service.go:399.2,399.16 1 1
github.com/tsmc/report-api/internal/service/report_service.go:402.97,405.25 3 1
github.com/tsmc/report-api/internal/service/report_service.go:405.25,407.17 2 1
github.com/tsmc/report-api/internal/service/report_service.go:407.17,408.12 1 1
github.com/tsmc/report-api/internal/service/report_service.go:410.3,413.10 4 1
github.com/tsmc/report-api/internal/service/report_service.go:413.10,422.4 5 1
github.com/tsmc/report-api/internal/service/report_service.go:423.3,425.41 3 1
github.com/tsmc/report-api/internal/service/report_service.go:427.2,428.26 2 1
github.com/tsmc/report-api/internal/service/report_service.go:428.26,430.3 1 1
github.com/tsmc/report-api/internal/service/report_service.go:431.2,431.16 1 1
github.com/tsmc/report-api/internal/service/report_service.go:434.94,437.25 3 1
github.com/tsmc/report-api/internal/service/report_service.go:437.25,439.17 2 1
github.com/tsmc/report-api/internal/service/report_service.go:439.17,440.12 1 1
github.com/tsmc/report-api/internal/service/report_service.go:442.3,444.10 3 1
github.com/tsmc/report-api/internal/service/report_service.go:444.10,451.4 3 1
github.com/tsmc/report-api/internal/service/report_service.go:452.3,454.41 3 1
github.com/tsmc/report-api/internal/service/report_service.go:456.2,457.26 2 1
github.com/tsmc/report-api/internal/service/report_service.go:457.26,459.3 1 1
github.com/tsmc/report-api/internal/service/report_service.go:460.2,460.16 1 1
github.com/tsmc/report-api/internal/service/report_service.go:468.184,471.29 3 1
github.com/tsmc/report-api/internal/service/report_service.go:471.29,473.17 2 1
github.com/tsmc/report-api/internal/service/report_service.go:473.17,475.4 1 0
github.com/tsmc/report-api/internal/service/report_service.go:476.8,480.17 3 1
github.com/tsmc/report-api/internal/service/report_service.go:480.17,482.4 1 0
github.com/tsmc/report-api/internal/service/report_service.go:485.2,485.18 1 1
github.com/tsmc/report-api/internal/service/report_service.go:485.18,487.3 1 1
github.com/tsmc/report-api/internal/service/report_service.go:488.2,488.44 1 1
github.com/tsmc/report-api/internal/service/report_service.go:488.44,490.3 1 1
github.com/tsmc/report-api/internal/service/report_service.go:492.2,504.16 3 1
github.com/tsmc/report-api/internal/service/report_service.go:504.16,506.3 1 0
github.com/tsmc/report-api/internal/service/report_service.go:508.2,509.27 2 1
github.com/tsmc/report-api/internal/service/report_service.go:509.27,518.22 2 1
github.com/tsmc/report-api/internal/service/report_service.go:518.22,520.4 1 1
github.com/tsmc/report-api/internal/service/report_service.go:521.3,522.40 2 1
github.com/tsmc/report-api/internal/service/report_service.go:525.2,530.8 1 1
github.com/tsmc/report-api/internal/service/report_service.go:538.149,539.38 1 0
github.com/tsmc/report-api/internal/service/report_service.go:539.38,541.3 1 0
github.com/tsmc/report-api/internal/service/report_service.go:543.2,544.16 2 0
github.com/tsmc/report-api/internal/service/report_service.go:544.16,546.3 1 0
github.com/tsmc/report-api/internal/service/report_service.go:547.2,547.16 1 0
github.com/tsmc/report-api/internal/service/report_service.go:547.16,549.3 1 0
github.com/tsmc/report-api/internal/service/report_service.go:551.2,552.16 2 0
github.com/tsmc/report-api/internal/service/report_service.go:552.16,554.3 1 0
github.com/tsmc/report-api/internal/service/report_service.go:556.2,557.16 2 0
github.com/tsmc/report-api/internal/service/report_service.go:557.16,559.3 1 0
github.com/tsmc/report-api/internal/service/report_service.go:561.2,565.135 3 0
github.com/tsmc/report-api/internal/service/report_service.go:565.135,567.3 1 0
github.com/tsmc/report-api/internal/service/report_service.go:569.2,569.27 1 0
github.com/tsmc/report-api/internal/service/report_service.go:569.27,571.22 2 0
github.com/tsmc/report-api/internal/service/report_service.go:571.22,573.4 1 0
github.com/tsmc/report-api/internal/service/report_service.go:574.3,583.18 1 0
github.com/tsmc/report-api/internal/service/report_service.go:583.18,585.4 1 0
github.com/tsmc/report-api/internal/service/report_service.go:587.2,588.34 2 0
github.com/tsmc/report-api/internal/service/report_service.go:588.34,590.3 1 0
github.com/tsmc/report-api/internal/service/report_service.go:592.2,592.18 1 0
github.com/tsmc/report-api/internal/service/report_service.go:597.49,599.2 1 0
