mode: set
github.com/tsmc/admin-api/internal/handler/admin.go:27.92,29.2 1 1
github.com/tsmc/admin-api/internal/handler/admin.go:31.44,33.2 1 1
github.com/tsmc/admin-api/internal/handler/admin.go:35.46,37.2 1 1
github.com/tsmc/admin-api/internal/handler/admin.go:39.98,41.46 2 1
github.com/tsmc/admin-api/internal/handler/admin.go:41.46,44.3 2 1
github.com/tsmc/admin-api/internal/handler/admin.go:46.2,48.16 3 1
github.com/tsmc/admin-api/internal/handler/admin.go:48.16,51.3 2 1
github.com/tsmc/admin-api/internal/handler/admin.go:52.2,52.13 1 1
github.com/tsmc/admin-api/internal/handler/admin.go:52.13,55.3 2 1
github.com/tsmc/admin-api/internal/handler/admin.go:57.2,57.62 1 1
github.com/tsmc/admin-api/internal/handler/admin.go:57.62,58.45 1 1
github.com/tsmc/admin-api/internal/handler/admin.go:58.45,61.4 2 1
github.com/tsmc/admin-api/internal/handler/admin.go:62.3,63.9 2 1
github.com/tsmc/admin-api/internal/handler/admin.go:66.2,71.56 2 1
github.com/tsmc/admin-api/internal/handler/admin.go:71.56,77.3 3 1
github.com/tsmc/admin-api/internal/handler/admin.go:79.2,83.4 1 1
github.com/tsmc/admin-api/internal/config/config.go:20.20,22.16 2 1
github.com/tsmc/admin-api/internal/config/config.go:22.16,24.3 1 1
github.com/tsmc/admin-api/internal/config/config.go:25.2,26.18 2 1
github.com/tsmc/admin-api/internal/config/config.go:26.18,28.3 1 1
github.com/tsmc/admin-api/internal/config/config.go:29.2,30.18 2 1
github.com/tsmc/admin-api/internal/config/config.go:30.18,32.3 1 1
github.com/tsmc/admin-api/internal/config/config.go:33.2,35.19 3 1
github.com/tsmc/admin-api/internal/config/config.go:35.19,37.3 1 1
github.com/tsmc/admin-api/internal/config/config.go:38.2,39.17 2 1
github.com/tsmc/admin-api/internal/config/config.go:39.17,41.3 1 1
github.com/tsmc/admin-api/internal/config/config.go:42.2,53.3 3 1
github.com/tsmc/admin-api/cmd/server/main.go:20.13,28.26 5 0
github.com/tsmc/admin-api/cmd/server/main.go:28.26,30.17 2 0
github.com/tsmc/admin-api/cmd/server/main.go:30.17,31.9 1 0
github.com/tsmc/admin-api/cmd/server/main.go:33.3,34.30 2 0
github.com/tsmc/admin-api/cmd/server/main.go:36.2,36.16 1 0
github.com/tsmc/admin-api/cmd/server/main.go:36.16,39.3 2 0
github.com/tsmc/admin-api/cmd/server/main.go:40.2,51.26 9 0
github.com/tsmc/admin-api/cmd/server/main.go:51.26,53.3 1 0
github.com/tsmc/admin-api/cmd/server/main.go:55.2,55.40 1 0
github.com/tsmc/admin-api/cmd/server/main.go:55.40,56.56 1 0
github.com/tsmc/admin-api/cmd/server/main.go:56.56,59.4 2 0
github.com/tsmc/admin-api/cmd/server/main.go:60.3,60.47 1 0
github.com/tsmc/admin-api/cmd/server/main.go:63.2,64.2 2 0
github.com/tsmc/admin-api/cmd/server/main.go:64.2,67.3 2 0
github.com/tsmc/admin-api/cmd/server/main.go:69.2,71.12 2 0
github.com/tsmc/admin-api/cmd/server/main.go:71.12,73.77 2 0
github.com/tsmc/admin-api/cmd/server/main.go:73.77,76.4 2 0
github.com/tsmc/admin-api/cmd/server/main.go:79.2,85.50 6 0
github.com/tsmc/admin-api/cmd/server/main.go:85.50,87.3 1 0
github.com/tsmc/admin-api/internal/repository/employee.go:20.88,22.39 2 0
github.com/tsmc/admin-api/internal/repository/employee.go:22.39,26.3 1 0
github.com/tsmc/admin-api/internal/repository/employee.go:28.2,38.16 2 0
github.com/tsmc/admin-api/internal/repository/employee.go:38.16,40.3 1 0
github.com/tsmc/admin-api/internal/repository/employee.go:41.2,41.58 1 0
github.com/tsmc/admin-api/internal/repository/employee.go:41.58,44.3 2 0
github.com/tsmc/admin-api/internal/repository/employee.go:45.2,45.49 1 0
github.com/tsmc/admin-api/internal/repository/employee.go:48.62,50.2 1 0
github.com/tsmc/admin-api/internal/repository/employee.go:52.87,54.16 2 0
github.com/tsmc/admin-api/internal/repository/employee.go:54.16,56.3 1 0
github.com/tsmc/admin-api/internal/repository/employee.go:57.2,59.16 3 0
github.com/tsmc/admin-api/internal/repository/employee.go:59.16,61.3 1 0
github.com/tsmc/admin-api/internal/repository/employee.go:62.2,62.23 1 0
github.com/tsmc/admin-api/internal/repository/employee.go:65.95,67.16 2 0
github.com/tsmc/admin-api/internal/repository/employee.go:67.16,69.3 1 0
github.com/tsmc/admin-api/internal/repository/employee.go:70.2,70.16 1 0
github.com/tsmc/admin-api/internal/repository/employee.go:70.16,72.3 1 0
github.com/tsmc/admin-api/internal/repository/employee.go:74.2,75.12 2 0
github.com/tsmc/admin-api/internal/repository/employee.go:75.12,77.3 1 0
github.com/tsmc/admin-api/internal/repository/employee.go:79.2,83.3 1 0
github.com/tsmc/admin-api/internal/repository/employee.go:94.103,96.16 2 0
github.com/tsmc/admin-api/internal/repository/employee.go:96.16,98.3 1 0
github.com/tsmc/admin-api/internal/repository/employee.go:99.2,100.109 2 0
github.com/tsmc/admin-api/internal/repository/employee.go:100.109,102.3 1 0
github.com/tsmc/admin-api/internal/repository/employee.go:103.2,103.16 1 0
github.com/tsmc/admin-api/internal/repository/employee.go:103.16,105.3 1 0
github.com/tsmc/admin-api/internal/repository/employee.go:107.2,122.16 3 0
github.com/tsmc/admin-api/internal/repository/employee.go:122.16,124.3 1 0
github.com/tsmc/admin-api/internal/repository/employee.go:125.2,125.111 1 0
github.com/tsmc/admin-api/internal/repository/employee.go:128.44,130.2 1 0
github.com/tsmc/admin-api/internal/queue/kafka_producer.go:31.70,47.2 5 0
github.com/tsmc/admin-api/internal/queue/kafka_producer.go:49.89,50.44 1 1
github.com/tsmc/admin-api/internal/queue/kafka_producer.go:50.44,51.10 1 1
github.com/tsmc/admin-api/internal/queue/kafka_producer.go:52.25,53.81 1 1
github.com/tsmc/admin-api/internal/queue/kafka_producer.go:54.11,55.14 1 0
github.com/tsmc/admin-api/internal/queue/kafka_producer.go:57.3,57.13 1 1
github.com/tsmc/admin-api/internal/queue/kafka_producer.go:59.2,59.12 1 1
github.com/tsmc/admin-api/internal/queue/kafka_producer.go:62.87,64.16 2 1
github.com/tsmc/admin-api/internal/queue/kafka_producer.go:64.16,66.3 1 0
github.com/tsmc/admin-api/internal/queue/kafka_producer.go:67.2,70.4 1 1
github.com/tsmc/admin-api/internal/queue/kafka_producer.go:73.37,75.6 2 1
github.com/tsmc/admin-api/internal/queue/kafka_producer.go:75.6,76.10 1 1
github.com/tsmc/admin-api/internal/queue/kafka_producer.go:77.17,78.10 1 1
github.com/tsmc/admin-api/internal/queue/kafka_producer.go:79.27,81.46 2 1
github.com/tsmc/admin-api/internal/queue/kafka_producer.go:81.46,83.5 1 0
github.com/tsmc/admin-api/internal/queue/kafka_producer.go:84.4,84.12 1 1
github.com/tsmc/admin-api/internal/queue/kafka_producer.go:89.39,93.2 3 1
github.com/tsmc/admin-api/internal/queue/kafka_producer.go:97.76,97.90 1 1
github.com/tsmc/admin-api/internal/queue/kafka_producer.go:98.74,98.88 1 1
